#-----------------------------------------------------------
# Vivado v2020.1 (64-bit)
# SW Build 2902540 on Wed May 27 19:54:49 MDT 2020
# IP Build 2902112 on Wed May 27 22:43:36 MDT 2020
# Start of session at: Fri Nov 13 13:21:43 2020
# Process ID: 17124
# Current directory: C:/Users/ZWK/Desktop/pipeline_sourcecode
# Command line: vivado.exe -gui_launcher_event rodinguilauncherevent20684 C:\Users\ZWK\Desktop\pipeline_sourcecode\p2_FPGA.xpr
# Log file: C:/Users/ZWK/Desktop/pipeline_sourcecode/vivado.log
# Journal file: C:/Users/ZWK/Desktop/pipeline_sourcecode\vivado.jou
#-----------------------------------------------------------
start_gui
open_project C:/Users/ZWK/Desktop/pipeline_sourcecode/p2_FPGA.xpr
INFO: [Project 1-313] Project file moved from 'C:/Users/Karl Zhang/Desktop/VE370/Project Source Code/pipeline_source code' since last save.
Scanning sources...
Finished scanning sources
INFO: [Project 1-230] Project 'p2_FPGA.xpr' upgraded for this version of Vivado.
INFO: [IP_Flow 19-234] Refreshing IP repositories
INFO: [IP_Flow 19-1704] No user IP repositories specified
INFO: [IP_Flow 19-2313] Loaded Vivado IP repository 'E:/Xilinx/Vivado/2020.1/data/ip'.
open_project: Time (s): cpu = 00:00:28 ; elapsed = 00:00:10 . Memory (MB): peak = 1028.422 ; gain = 0.000
reset_run synth_1
launch_runs impl_1 -jobs 4
[Fri Nov 13 13:22:34 2020] Launched synth_1...
Run output will be captured here: C:/Users/ZWK/Desktop/pipeline_sourcecode/p2_FPGA.runs/synth_1/runme.log
[Fri Nov 13 13:22:34 2020] Launched impl_1...
Run output will be captured here: C:/Users/ZWK/Desktop/pipeline_sourcecode/p2_FPGA.runs/impl_1/runme.log
update_compile_order -fileset sources_1
reset_run synth_1
update_compile_order -fileset sources_1
launch_runs impl_1 -jobs 4
[Fri Nov 13 13:23:51 2020] Launched synth_1...
Run output will be captured here: C:/Users/ZWK/Desktop/pipeline_sourcecode/p2_FPGA.runs/synth_1/runme.log
[Fri Nov 13 13:23:51 2020] Launched impl_1...
Run output will be captured here: C:/Users/ZWK/Desktop/pipeline_sourcecode/p2_FPGA.runs/impl_1/runme.log
launch_runs impl_1 -to_step write_bitstream -jobs 4
[Fri Nov 13 13:26:25 2020] Launched impl_1...
Run output will be captured here: C:/Users/ZWK/Desktop/pipeline_sourcecode/p2_FPGA.runs/impl_1/runme.log
open_hw_manager
connect_hw_server -allow_non_jtag
INFO: [Labtools 27-2285] Connecting to hw_server url TCP:localhost:3121
INFO: [Labtools 27-2222] Launching hw_server...
INFO: [Labtools 27-2221] Launch Output:

****** Xilinx hw_server v2020.1
  **** Build date : May 27 2020 at 20:24:38
    ** Copyright 1986-2020 Xilinx, Inc. All Rights Reserved.


INFO: [Labtools 27-3415] Connecting to cs_server url TCP:localhost:3042
INFO: [Labtools 27-3417] Launching cs_server...
INFO: [Labtools 27-2221] Launch Output:


****** Xilinx cs_server v2020.1.0
  **** Build date : May 14 2020-09:10:29
    ** Copyright 2017-2020 Xilinx, Inc. All Rights Reserved.



connect_hw_server: Time (s): cpu = 00:00:01 ; elapsed = 00:00:11 . Memory (MB): peak = 1028.422 ; gain = 0.000
open_hw_target
INFO: [Labtoolstcl 44-466] Opening hw_target localhost:3121/xilinx_tcf/Digilent/210183A89C91A
open_hw_target: Time (s): cpu = 00:00:07 ; elapsed = 00:00:07 . Memory (MB): peak = 2169.289 ; gain = 1140.867
current_hw_device [get_hw_devices xc7a35t_0]
refresh_hw_device -update_hw_probes false [lindex [get_hw_devices xc7a35t_0] 0]
INFO: [Labtools 27-1435] Device xc7a35t (JTAG device index = 0) is not programmed (DONE status = 0).
set_property PROBES.FILE {} [get_hw_devices xc7a35t_0]
set_property FULL_PROBES.FILE {} [get_hw_devices xc7a35t_0]
set_property PROGRAM.FILE {C:/Users/ZWK/Desktop/pipeline_sourcecode/p2_FPGA.runs/impl_1/display.bit} [get_hw_devices xc7a35t_0]
program_hw_devices [get_hw_devices xc7a35t_0]
INFO: [Labtools 27-3164] End of startup status: HIGH
refresh_hw_device [lindex [get_hw_devices xc7a35t_0] 0]
INFO: [Labtools 27-1434] Device xc7a35t (JTAG device index = 0) is programmed with a design that has no supported debug core(s) in it.
ERROR: [Labtoolstcl 44-513] HW Target shutdown. Closing target: localhost:3121/xilinx_tcf/Digilent/210183A89C91A
exit
INFO: [Common 17-206] Exiting Vivado at Fri Nov 13 13:47:17 2020...
