Vivado Simulator 2019.2
Time resolution is 1 ps
Textual result of pipeline:
==========================================================
T:           0, CLK = 0, PC = 0x00000000
[$s0] = 0x00000000, [$s1] = 0x00000000, [$s2] = 0x00000000
[$s3] = 0x00000000, [$s4] = 0x00000000, [$s5] = 0x00000000
[$s6] = 0x00000000, [$s7] = 0x00000000, [$t0] = 0x00000000
[$t1] = 0x00000000, [$t2] = 0x00000000, [$t3] = 0x00000000
[$t4] = 0x00000000, [$t5] = 0x00000000, [$t6] = 0x00000000
[$t7] = 0x00000000, [$t8] = 0x00000000, [$t9] = 0x00000000
 
T:           0, CLK = 1, PC = 0x00000004
[$s0] = 0x00000000, [$s1] = 0x00000000, [$s2] = 0x00000000
[$s3] = 0x00000000, [$s4] = 0x00000000, [$s5] = 0x00000000
[$s6] = 0x00000000, [$s7] = 0x00000000, [$t0] = 0x00000000
[$t1] = 0x00000000, [$t2] = 0x00000000, [$t3] = 0x00000000
[$t4] = 0x00000000, [$t5] = 0x00000000, [$t6] = 0x00000000
[$t7] = 0x00000000, [$t8] = 0x00000000, [$t9] = 0x00000000
 
T:           1, CLK = 0, PC = 0x00000004
[$s0] = 0x00000000, [$s1] = 0x00000000, [$s2] = 0x00000000
[$s3] = 0x00000000, [$s4] = 0x00000000, [$s5] = 0x00000000
[$s6] = 0x00000000, [$s7] = 0x00000000, [$t0] = 0x00000000
[$t1] = 0x00000000, [$t2] = 0x00000000, [$t3] = 0x00000000
[$t4] = 0x00000000, [$t5] = 0x00000000, [$t6] = 0x00000000
[$t7] = 0x00000000, [$t8] = 0x00000000, [$t9] = 0x00000000
 
T:           1, CLK = 1, PC = 0x00000008
[$s0] = 0x00000000, [$s1] = 0x00000000, [$s2] = 0x00000000
[$s3] = 0x00000000, [$s4] = 0x00000000, [$s5] = 0x00000000
[$s6] = 0x00000000, [$s7] = 0x00000000, [$t0] = 0x00000000
[$t1] = 0x00000000, [$t2] = 0x00000000, [$t3] = 0x00000000
[$t4] = 0x00000000, [$t5] = 0x00000000, [$t6] = 0x00000000
[$t7] = 0x00000000, [$t8] = 0x00000000, [$t9] = 0x00000000
 
T:           2, CLK = 0, PC = 0x00000008
[$s0] = 0x00000000, [$s1] = 0x00000000, [$s2] = 0x00000000
[$s3] = 0x00000000, [$s4] = 0x00000000, [$s5] = 0x00000000
[$s6] = 0x00000000, [$s7] = 0x00000000, [$t0] = 0x00000000
[$t1] = 0x00000000, [$t2] = 0x00000000, [$t3] = 0x00000000
[$t4] = 0x00000000, [$t5] = 0x00000000, [$t6] = 0x00000000
[$t7] = 0x00000000, [$t8] = 0x00000000, [$t9] = 0x00000000
 
T:           2, CLK = 1, PC = 0x0000000c
[$s0] = 0x00000000, [$s1] = 0x00000000, [$s2] = 0x00000000
[$s3] = 0x00000000, [$s4] = 0x00000000, [$s5] = 0x00000000
[$s6] = 0x00000000, [$s7] = 0x00000000, [$t0] = 0x00000000
[$t1] = 0x00000000, [$t2] = 0x00000000, [$t3] = 0x00000000
[$t4] = 0x00000000, [$t5] = 0x00000000, [$t6] = 0x00000000
[$t7] = 0x00000000, [$t8] = 0x00000000, [$t9] = 0x00000000
 
T:           3, CLK = 0, PC = 0x0000000c
[$s0] = 0x00000000, [$s1] = 0x00000000, [$s2] = 0x00000000
[$s3] = 0x00000000, [$s4] = 0x00000000, [$s5] = 0x00000000
[$s6] = 0x00000000, [$s7] = 0x00000000, [$t0] = 0x00000000
[$t1] = 0x00000000, [$t2] = 0x00000000, [$t3] = 0x00000000
[$t4] = 0x00000000, [$t5] = 0x00000000, [$t6] = 0x00000000
[$t7] = 0x00000000, [$t8] = 0x00000000, [$t9] = 0x00000000
 
T:           3, CLK = 1, PC = 0x00000010
[$s0] = 0x00000000, [$s1] = 0x00000000, [$s2] = 0x00000000
[$s3] = 0x00000000, [$s4] = 0x00000000, [$s5] = 0x00000000
[$s6] = 0x00000000, [$s7] = 0x00000000, [$t0] = 0x00000000
[$t1] = 0x00000000, [$t2] = 0x00000000, [$t3] = 0x00000000
[$t4] = 0x00000000, [$t5] = 0x00000000, [$t6] = 0x00000000
[$t7] = 0x00000000, [$t8] = 0x00000000, [$t9] = 0x00000000
 
T:           4, CLK = 0, PC = 0x00000010
[$s0] = 0x00000000, [$s1] = 0x00000000, [$s2] = 0x00000000
[$s3] = 0x00000000, [$s4] = 0x00000000, [$s5] = 0x00000000
[$s6] = 0x00000000, [$s7] = 0x00000000, [$t0] = 0x00000020
[$t1] = 0x00000000, [$t2] = 0x00000000, [$t3] = 0x00000000
[$t4] = 0x00000000, [$t5] = 0x00000000, [$t6] = 0x00000000
[$t7] = 0x00000000, [$t8] = 0x00000000, [$t9] = 0x00000000
 
T:           4, CLK = 1, PC = 0x00000014
[$s0] = 0x00000000, [$s1] = 0x00000000, [$s2] = 0x00000000
[$s3] = 0x00000000, [$s4] = 0x00000000, [$s5] = 0x00000000
[$s6] = 0x00000000, [$s7] = 0x00000000, [$t0] = 0x00000020
[$t1] = 0x00000000, [$t2] = 0x00000000, [$t3] = 0x00000000
[$t4] = 0x00000000, [$t5] = 0x00000000, [$t6] = 0x00000000
[$t7] = 0x00000000, [$t8] = 0x00000000, [$t9] = 0x00000000
 
T:           5, CLK = 0, PC = 0x00000014
[$s0] = 0x00000000, [$s1] = 0x00000000, [$s2] = 0x00000000
[$s3] = 0x00000000, [$s4] = 0x00000000, [$s5] = 0x00000000
[$s6] = 0x00000000, [$s7] = 0x00000000, [$t0] = 0x00000020
[$t1] = 0x00000037, [$t2] = 0x00000000, [$t3] = 0x00000000
[$t4] = 0x00000000, [$t5] = 0x00000000, [$t6] = 0x00000000
[$t7] = 0x00000000, [$t8] = 0x00000000, [$t9] = 0x00000000
 
T:           5, CLK = 1, PC = 0x00000018
[$s0] = 0x00000000, [$s1] = 0x00000000, [$s2] = 0x00000000
[$s3] = 0x00000000, [$s4] = 0x00000000, [$s5] = 0x00000000
[$s6] = 0x00000000, [$s7] = 0x00000000, [$t0] = 0x00000020
[$t1] = 0x00000037, [$t2] = 0x00000000, [$t3] = 0x00000000
[$t4] = 0x00000000, [$t5] = 0x00000000, [$t6] = 0x00000000
[$t7] = 0x00000000, [$t8] = 0x00000000, [$t9] = 0x00000000
 
T:           6, CLK = 0, PC = 0x00000018
[$s0] = 0x00000020, [$s1] = 0x00000000, [$s2] = 0x00000000
[$s3] = 0x00000000, [$s4] = 0x00000000, [$s5] = 0x00000000
[$s6] = 0x00000000, [$s7] = 0x00000000, [$t0] = 0x00000020
[$t1] = 0x00000037, [$t2] = 0x00000000, [$t3] = 0x00000000
[$t4] = 0x00000000, [$t5] = 0x00000000, [$t6] = 0x00000000
[$t7] = 0x00000000, [$t8] = 0x00000000, [$t9] = 0x00000000
 
T:           6, CLK = 1, PC = 0x0000001c
[$s0] = 0x00000020, [$s1] = 0x00000000, [$s2] = 0x00000000
[$s3] = 0x00000000, [$s4] = 0x00000000, [$s5] = 0x00000000
[$s6] = 0x00000000, [$s7] = 0x00000000, [$t0] = 0x00000020
[$t1] = 0x00000037, [$t2] = 0x00000000, [$t3] = 0x00000000
[$t4] = 0x00000000, [$t5] = 0x00000000, [$t6] = 0x00000000
[$t7] = 0x00000000, [$t8] = 0x00000000, [$t9] = 0x00000000
 
T:           7, CLK = 0, PC = 0x0000001c
[$s0] = 0x00000037, [$s1] = 0x00000000, [$s2] = 0x00000000
[$s3] = 0x00000000, [$s4] = 0x00000000, [$s5] = 0x00000000
[$s6] = 0x00000000, [$s7] = 0x00000000, [$t0] = 0x00000020
[$t1] = 0x00000037, [$t2] = 0x00000000, [$t3] = 0x00000000
[$t4] = 0x00000000, [$t5] = 0x00000000, [$t6] = 0x00000000
[$t7] = 0x00000000, [$t8] = 0x00000000, [$t9] = 0x00000000
 
T:           7, CLK = 1, PC = 0x00000020
[$s0] = 0x00000037, [$s1] = 0x00000000, [$s2] = 0x00000000
[$s3] = 0x00000000, [$s4] = 0x00000000, [$s5] = 0x00000000
[$s6] = 0x00000000, [$s7] = 0x00000000, [$t0] = 0x00000020
[$t1] = 0x00000037, [$t2] = 0x00000000, [$t3] = 0x00000000
[$t4] = 0x00000000, [$t5] = 0x00000000, [$t6] = 0x00000000
[$t7] = 0x00000000, [$t8] = 0x00000000, [$t9] = 0x00000000
 
T:           8, CLK = 0, PC = 0x00000020
[$s0] = 0x00000037, [$s1] = 0x00000000, [$s2] = 0x00000000
[$s3] = 0x00000000, [$s4] = 0x00000000, [$s5] = 0x00000000
[$s6] = 0x00000000, [$s7] = 0x00000000, [$t0] = 0x00000020
[$t1] = 0x00000037, [$t2] = 0x00000000, [$t3] = 0x00000000
[$t4] = 0x00000000, [$t5] = 0x00000000, [$t6] = 0x00000000
[$t7] = 0x00000000, [$t8] = 0x00000000, [$t9] = 0x00000000
 
T:           8, CLK = 1, PC = 0x00000024
[$s0] = 0x00000037, [$s1] = 0x00000000, [$s2] = 0x00000000
[$s3] = 0x00000000, [$s4] = 0x00000000, [$s5] = 0x00000000
[$s6] = 0x00000000, [$s7] = 0x00000000, [$t0] = 0x00000020
[$t1] = 0x00000037, [$t2] = 0x00000000, [$t3] = 0x00000000
[$t4] = 0x00000000, [$t5] = 0x00000000, [$t6] = 0x00000000
[$t7] = 0x00000000, [$t8] = 0x00000000, [$t9] = 0x00000000
 
T:           9, CLK = 0, PC = 0x00000024
[$s0] = 0x00000037, [$s1] = 0x00000000, [$s2] = 0x00000000
[$s3] = 0x00000000, [$s4] = 0x00000000, [$s5] = 0x00000000
[$s6] = 0x00000000, [$s7] = 0x00000000, [$t0] = 0x00000020
[$t1] = 0x00000037, [$t2] = 0x00000000, [$t3] = 0x00000000
[$t4] = 0x00000000, [$t5] = 0x00000000, [$t6] = 0x00000000
[$t7] = 0x00000000, [$t8] = 0x00000000, [$t9] = 0x00000000
 
T:           9, CLK = 1, PC = 0x00000024
[$s0] = 0x00000037, [$s1] = 0x00000000, [$s2] = 0x00000000
[$s3] = 0x00000000, [$s4] = 0x00000000, [$s5] = 0x00000000
[$s6] = 0x00000000, [$s7] = 0x00000000, [$t0] = 0x00000020
[$t1] = 0x00000037, [$t2] = 0x00000000, [$t3] = 0x00000000
[$t4] = 0x00000000, [$t5] = 0x00000000, [$t6] = 0x00000000
[$t7] = 0x00000000, [$t8] = 0x00000000, [$t9] = 0x00000000
 
T:          10, CLK = 0, PC = 0x00000024
[$s0] = 0x00000037, [$s1] = 0x00000057, [$s2] = 0x00000000
[$s3] = 0x00000000, [$s4] = 0x00000000, [$s5] = 0x00000000
[$s6] = 0x00000000, [$s7] = 0x00000000, [$t0] = 0x00000020
[$t1] = 0x00000037, [$t2] = 0x00000000, [$t3] = 0x00000000
[$t4] = 0x00000000, [$t5] = 0x00000000, [$t6] = 0x00000000
[$t7] = 0x00000000, [$t8] = 0x00000000, [$t9] = 0x00000000
 
T:          10, CLK = 1, PC = 0x00000028
[$s0] = 0x00000037, [$s1] = 0x00000057, [$s2] = 0x00000000
[$s3] = 0x00000000, [$s4] = 0x00000000, [$s5] = 0x00000000
[$s6] = 0x00000000, [$s7] = 0x00000000, [$t0] = 0x00000020
[$t1] = 0x00000037, [$t2] = 0x00000000, [$t3] = 0x00000000
[$t4] = 0x00000000, [$t5] = 0x00000000, [$t6] = 0x00000000
[$t7] = 0x00000000, [$t8] = 0x00000000, [$t9] = 0x00000000
 
T:          11, CLK = 0, PC = 0x00000028
[$s0] = 0x00000037, [$s1] = 0x00000057, [$s2] = 0xffffffe9
[$s3] = 0x00000000, [$s4] = 0x00000000, [$s5] = 0x00000000
[$s6] = 0x00000000, [$s7] = 0x00000000, [$t0] = 0x00000020
[$t1] = 0x00000037, [$t2] = 0x00000000, [$t3] = 0x00000000
[$t4] = 0x00000000, [$t5] = 0x00000000, [$t6] = 0x00000000
[$t7] = 0x00000000, [$t8] = 0x00000000, [$t9] = 0x00000000
 
T:          11, CLK = 1, PC = 0x0000002c
[$s0] = 0x00000037, [$s1] = 0x00000057, [$s2] = 0xffffffe9
[$s3] = 0x00000000, [$s4] = 0x00000000, [$s5] = 0x00000000
[$s6] = 0x00000000, [$s7] = 0x00000000, [$t0] = 0x00000020
[$t1] = 0x00000037, [$t2] = 0x00000000, [$t3] = 0x00000000
[$t4] = 0x00000000, [$t5] = 0x00000000, [$t6] = 0x00000000
[$t7] = 0x00000000, [$t8] = 0x00000000, [$t9] = 0x00000000
 
T:          12, CLK = 0, PC = 0x0000002c
[$s0] = 0x00000037, [$s1] = 0x00000057, [$s2] = 0xffffffe9
[$s3] = 0x00000000, [$s4] = 0x00000000, [$s5] = 0x00000000
[$s6] = 0x00000000, [$s7] = 0x00000000, [$t0] = 0x00000020
[$t1] = 0x00000037, [$t2] = 0x00000000, [$t3] = 0x00000000
[$t4] = 0x00000000, [$t5] = 0x00000000, [$t6] = 0x00000000
[$t7] = 0x00000000, [$t8] = 0x00000000, [$t9] = 0x00000000
 
T:          12, CLK = 1, PC = 0x0000002c
[$s0] = 0x00000037, [$s1] = 0x00000057, [$s2] = 0xffffffe9
[$s3] = 0x00000000, [$s4] = 0x00000000, [$s5] = 0x00000000
[$s6] = 0x00000000, [$s7] = 0x00000000, [$t0] = 0x00000020
[$t1] = 0x00000037, [$t2] = 0x00000000, [$t3] = 0x00000000
[$t4] = 0x00000000, [$t5] = 0x00000000, [$t6] = 0x00000000
[$t7] = 0x00000000, [$t8] = 0x00000000, [$t9] = 0x00000000
 
T:          13, CLK = 0, PC = 0x0000002c
[$s0] = 0x00000037, [$s1] = 0x00000057, [$s2] = 0xffffffe9
[$s3] = 0x00000000, [$s4] = 0x00000000, [$s5] = 0x00000000
[$s6] = 0x00000000, [$s7] = 0x00000000, [$t0] = 0x00000020
[$t1] = 0x00000037, [$t2] = 0x00000000, [$t3] = 0x00000000
[$t4] = 0x00000000, [$t5] = 0x00000000, [$t6] = 0x00000000
[$t7] = 0x00000000, [$t8] = 0x00000000, [$t9] = 0x00000000
 
T:          13, CLK = 1, PC = 0x00000030
[$s0] = 0x00000037, [$s1] = 0x00000057, [$s2] = 0xffffffe9
[$s3] = 0x00000000, [$s4] = 0x00000000, [$s5] = 0x00000000
[$s6] = 0x00000000, [$s7] = 0x00000000, [$t0] = 0x00000020
[$t1] = 0x00000037, [$t2] = 0x00000000, [$t3] = 0x00000000
[$t4] = 0x00000000, [$t5] = 0x00000000, [$t6] = 0x00000000
[$t7] = 0x00000000, [$t8] = 0x00000000, [$t9] = 0x00000000
 
T:          14, CLK = 0, PC = 0x00000030
[$s0] = 0x00000037, [$s1] = 0x00000037, [$s2] = 0xffffffe9
[$s3] = 0x00000000, [$s4] = 0x00000000, [$s5] = 0x00000000
[$s6] = 0x00000000, [$s7] = 0x00000000, [$t0] = 0x00000020
[$t1] = 0x00000037, [$t2] = 0x00000000, [$t3] = 0x00000000
[$t4] = 0x00000000, [$t5] = 0x00000000, [$t6] = 0x00000000
[$t7] = 0x00000000, [$t8] = 0x00000000, [$t9] = 0x00000000
 
T:          14, CLK = 1, PC = 0x00000030
[$s0] = 0x00000037, [$s1] = 0x00000037, [$s2] = 0xffffffe9
[$s3] = 0x00000000, [$s4] = 0x00000000, [$s5] = 0x00000000
[$s6] = 0x00000000, [$s7] = 0x00000000, [$t0] = 0x00000020
[$t1] = 0x00000037, [$t2] = 0x00000000, [$t3] = 0x00000000
[$t4] = 0x00000000, [$t5] = 0x00000000, [$t6] = 0x00000000
[$t7] = 0x00000000, [$t8] = 0x00000000, [$t9] = 0x00000000
 
T:          15, CLK = 0, PC = 0x00000030
[$s0] = 0x00000037, [$s1] = 0x00000037, [$s2] = 0xffffffe9
[$s3] = 0x00000000, [$s4] = 0x00000000, [$s5] = 0x00000000
[$s6] = 0x00000000, [$s7] = 0x00000000, [$t0] = 0x00000020
[$t1] = 0x00000037, [$t2] = 0x00000000, [$t3] = 0x00000000
[$t4] = 0x00000000, [$t5] = 0x00000000, [$t6] = 0x00000000
[$t7] = 0x00000000, [$t8] = 0x00000000, [$t9] = 0x00000000
 
T:          15, CLK = 1, PC = 0x00000034
[$s0] = 0x00000037, [$s1] = 0x00000037, [$s2] = 0xffffffe9
[$s3] = 0x00000000, [$s4] = 0x00000000, [$s5] = 0x00000000
[$s6] = 0x00000000, [$s7] = 0x00000000, [$t0] = 0x00000020
[$t1] = 0x00000037, [$t2] = 0x00000000, [$t3] = 0x00000000
[$t4] = 0x00000000, [$t5] = 0x00000000, [$t6] = 0x00000000
[$t7] = 0x00000000, [$t8] = 0x00000000, [$t9] = 0x00000000
 
T:          16, CLK = 0, PC = 0x00000034
[$s0] = 0x00000037, [$s1] = 0x00000037, [$s2] = 0x00000000
[$s3] = 0x00000000, [$s4] = 0x00000000, [$s5] = 0x00000000
[$s6] = 0x00000000, [$s7] = 0x00000000, [$t0] = 0x00000020
[$t1] = 0x00000037, [$t2] = 0x00000000, [$t3] = 0x00000000
[$t4] = 0x00000000, [$t5] = 0x00000000, [$t6] = 0x00000000
[$t7] = 0x00000000, [$t8] = 0x00000000, [$t9] = 0x00000000
 
T:          16, CLK = 1, PC = 0x00000038
[$s0] = 0x00000037, [$s1] = 0x00000037, [$s2] = 0x00000000
[$s3] = 0x00000000, [$s4] = 0x00000000, [$s5] = 0x00000000
[$s6] = 0x00000000, [$s7] = 0x00000000, [$t0] = 0x00000020
[$t1] = 0x00000037, [$t2] = 0x00000000, [$t3] = 0x00000000
[$t4] = 0x00000000, [$t5] = 0x00000000, [$t6] = 0x00000000
[$t7] = 0x00000000, [$t8] = 0x00000000, [$t9] = 0x00000000
 
T:          17, CLK = 0, PC = 0x00000038
[$s0] = 0x00000037, [$s1] = 0x00000037, [$s2] = 0x00000000
[$s3] = 0x00000000, [$s4] = 0x00000000, [$s5] = 0x00000000
[$s6] = 0x00000000, [$s7] = 0x00000000, [$t0] = 0x00000020
[$t1] = 0x00000037, [$t2] = 0x00000000, [$t3] = 0x00000000
[$t4] = 0x00000000, [$t5] = 0x00000000, [$t6] = 0x00000000
[$t7] = 0x00000000, [$t8] = 0x00000000, [$t9] = 0x00000000
 
T:          17, CLK = 1, PC = 0x00000038
[$s0] = 0x00000037, [$s1] = 0x00000037, [$s2] = 0x00000000
[$s3] = 0x00000000, [$s4] = 0x00000000, [$s5] = 0x00000000
[$s6] = 0x00000000, [$s7] = 0x00000000, [$t0] = 0x00000020
[$t1] = 0x00000037, [$t2] = 0x00000000, [$t3] = 0x00000000
[$t4] = 0x00000000, [$t5] = 0x00000000, [$t6] = 0x00000000
[$t7] = 0x00000000, [$t8] = 0x00000000, [$t9] = 0x00000000
 
T:          18, CLK = 0, PC = 0x00000038
[$s0] = 0x00000037, [$s1] = 0x00000037, [$s2] = 0x00000000
[$s3] = 0x00000000, [$s4] = 0x00000000, [$s5] = 0x00000000
[$s6] = 0x00000000, [$s7] = 0x00000000, [$t0] = 0x00000020
[$t1] = 0x00000037, [$t2] = 0x00000000, [$t3] = 0x00000000
[$t4] = 0x00000000, [$t5] = 0x00000000, [$t6] = 0x00000000
[$t7] = 0x00000000, [$t8] = 0x00000000, [$t9] = 0x00000000
 
T:          18, CLK = 1, PC = 0x00000038
[$s0] = 0x00000037, [$s1] = 0x00000037, [$s2] = 0x00000000
[$s3] = 0x00000000, [$s4] = 0x00000000, [$s5] = 0x00000000
[$s6] = 0x00000000, [$s7] = 0x00000000, [$t0] = 0x00000020
[$t1] = 0x00000037, [$t2] = 0x00000000, [$t3] = 0x00000000
[$t4] = 0x00000000, [$t5] = 0x00000000, [$t6] = 0x00000000
[$t7] = 0x00000000, [$t8] = 0x00000000, [$t9] = 0x00000000
 
T:          19, CLK = 0, PC = 0x00000038
[$s0] = 0x00000037, [$s1] = 0x00000037, [$s2] = 0x00000000
[$s3] = 0x00000020, [$s4] = 0x00000000, [$s5] = 0x00000000
[$s6] = 0x00000000, [$s7] = 0x00000000, [$t0] = 0x00000020
[$t1] = 0x00000037, [$t2] = 0x00000000, [$t3] = 0x00000000
[$t4] = 0x00000000, [$t5] = 0x00000000, [$t6] = 0x00000000
[$t7] = 0x00000000, [$t8] = 0x00000000, [$t9] = 0x00000000
 
T:          19, CLK = 1, PC = 0x0000003c
[$s0] = 0x00000037, [$s1] = 0x00000037, [$s2] = 0x00000000
[$s3] = 0x00000020, [$s4] = 0x00000000, [$s5] = 0x00000000
[$s6] = 0x00000000, [$s7] = 0x00000000, [$t0] = 0x00000020
[$t1] = 0x00000037, [$t2] = 0x00000000, [$t3] = 0x00000000
[$t4] = 0x00000000, [$t5] = 0x00000000, [$t6] = 0x00000000
[$t7] = 0x00000000, [$t8] = 0x00000000, [$t9] = 0x00000000
 
T:          20, CLK = 0, PC = 0x0000003c
[$s0] = 0x00000037, [$s1] = 0x00000037, [$s2] = 0x00000000
[$s3] = 0x00000020, [$s4] = 0x00000000, [$s5] = 0x00000000
[$s6] = 0x00000000, [$s7] = 0x00000000, [$t0] = 0x00000020
[$t1] = 0x00000037, [$t2] = 0x00000000, [$t3] = 0x00000000
[$t4] = 0x00000000, [$t5] = 0x00000000, [$t6] = 0x00000000
[$t7] = 0x00000000, [$t8] = 0x00000000, [$t9] = 0x00000000
 
T:          20, CLK = 1, PC = 0x00000040
[$s0] = 0x00000037, [$s1] = 0x00000037, [$s2] = 0x00000000
[$s3] = 0x00000020, [$s4] = 0x00000000, [$s5] = 0x00000000
[$s6] = 0x00000000, [$s7] = 0x00000000, [$t0] = 0x00000020
[$t1] = 0x00000037, [$t2] = 0x00000000, [$t3] = 0x00000000
[$t4] = 0x00000000, [$t5] = 0x00000000, [$t6] = 0x00000000
[$t7] = 0x00000000, [$t8] = 0x00000000, [$t9] = 0x00000000
 
T:          21, CLK = 0, PC = 0x00000040
[$s0] = 0x00000037, [$s1] = 0x00000037, [$s2] = 0x00000000
[$s3] = 0x00000020, [$s4] = 0x00000000, [$s5] = 0x00000000
[$s6] = 0x00000000, [$s7] = 0x00000000, [$t0] = 0x00000020
[$t1] = 0x00000037, [$t2] = 0x00000000, [$t3] = 0x00000000
[$t4] = 0x00000000, [$t5] = 0x00000000, [$t6] = 0x00000000
[$t7] = 0x00000000, [$t8] = 0x00000000, [$t9] = 0x00000000
 
T:          21, CLK = 1, PC = 0x00000040
[$s0] = 0x00000037, [$s1] = 0x00000037, [$s2] = 0x00000000
[$s3] = 0x00000020, [$s4] = 0x00000000, [$s5] = 0x00000000
[$s6] = 0x00000000, [$s7] = 0x00000000, [$t0] = 0x00000020
[$t1] = 0x00000037, [$t2] = 0x00000000, [$t3] = 0x00000000
[$t4] = 0x00000000, [$t5] = 0x00000000, [$t6] = 0x00000000
[$t7] = 0x00000000, [$t8] = 0x00000000, [$t9] = 0x00000000
 
T:          22, CLK = 0, PC = 0x00000040
[$s0] = 0x00000037, [$s1] = 0x00000037, [$s2] = 0x00000000
[$s3] = 0x00000020, [$s4] = 0x00000000, [$s5] = 0x00000000
[$s6] = 0x00000000, [$s7] = 0x00000000, [$t0] = 0x00000020
[$t1] = 0x00000037, [$t2] = 0x00000000, [$t3] = 0x00000000
[$t4] = 0x00000000, [$t5] = 0x00000000, [$t6] = 0x00000000
[$t7] = 0x00000000, [$t8] = 0x00000000, [$t9] = 0x00000000
 
T:          22, CLK = 1, PC = 0x00000044
[$s0] = 0x00000037, [$s1] = 0x00000037, [$s2] = 0x00000000
[$s3] = 0x00000020, [$s4] = 0x00000000, [$s5] = 0x00000000
[$s6] = 0x00000000, [$s7] = 0x00000000, [$t0] = 0x00000020
[$t1] = 0x00000037, [$t2] = 0x00000000, [$t3] = 0x00000000
[$t4] = 0x00000000, [$t5] = 0x00000000, [$t6] = 0x00000000
[$t7] = 0x00000000, [$t8] = 0x00000000, [$t9] = 0x00000000
 
T:          23, CLK = 0, PC = 0x00000044
[$s0] = 0x00000037, [$s1] = 0x00000037, [$s2] = 0x00000000
[$s3] = 0x00000020, [$s4] = 0x00000001, [$s5] = 0x00000000
[$s6] = 0x00000000, [$s7] = 0x00000000, [$t0] = 0x00000020
[$t1] = 0x00000037, [$t2] = 0x00000000, [$t3] = 0x00000000
[$t4] = 0x00000000, [$t5] = 0x00000000, [$t6] = 0x00000000
[$t7] = 0x00000000, [$t8] = 0x00000000, [$t9] = 0x00000000
 
T:          23, CLK = 1, PC = 0x00000048
[$s0] = 0x00000037, [$s1] = 0x00000037, [$s2] = 0x00000000
[$s3] = 0x00000020, [$s4] = 0x00000001, [$s5] = 0x00000000
[$s6] = 0x00000000, [$s7] = 0x00000000, [$t0] = 0x00000020
[$t1] = 0x00000037, [$t2] = 0x00000000, [$t3] = 0x00000000
[$t4] = 0x00000000, [$t5] = 0x00000000, [$t6] = 0x00000000
[$t7] = 0x00000000, [$t8] = 0x00000000, [$t9] = 0x00000000
 
T:          24, CLK = 0, PC = 0x00000048
[$s0] = 0x00000037, [$s1] = 0x00000037, [$s2] = 0x00000000
[$s3] = 0x00000020, [$s4] = 0x00000001, [$s5] = 0x00000000
[$s6] = 0x00000000, [$s7] = 0x00000000, [$t0] = 0x00000020
[$t1] = 0x00000037, [$t2] = 0x00000000, [$t3] = 0x00000000
[$t4] = 0x00000000, [$t5] = 0x00000000, [$t6] = 0x00000000
[$t7] = 0x00000000, [$t8] = 0x00000000, [$t9] = 0x00000000
 
T:          24, CLK = 1, PC = 0x00000038
[$s0] = 0x00000037, [$s1] = 0x00000037, [$s2] = 0x00000000
[$s3] = 0x00000020, [$s4] = 0x00000001, [$s5] = 0x00000000
[$s6] = 0x00000000, [$s7] = 0x00000000, [$t0] = 0x00000020
[$t1] = 0x00000037, [$t2] = 0x00000000, [$t3] = 0x00000000
[$t4] = 0x00000000, [$t5] = 0x00000000, [$t6] = 0x00000000
[$t7] = 0x00000000, [$t8] = 0x00000000, [$t9] = 0x00000000
 
T:          25, CLK = 0, PC = 0x00000038
[$s0] = 0x00000037, [$s1] = 0x00000037, [$s2] = 0x00000000
[$s3] = 0x00000020, [$s4] = 0x00000001, [$s5] = 0x00000000
[$s6] = 0x00000000, [$s7] = 0x00000000, [$t0] = 0x00000020
[$t1] = 0x00000037, [$t2] = 0x00000000, [$t3] = 0x00000000
[$t4] = 0x00000000, [$t5] = 0x00000000, [$t6] = 0x00000000
[$t7] = 0x00000000, [$t8] = 0x00000000, [$t9] = 0x00000000
 
T:          25, CLK = 1, PC = 0x0000003c
[$s0] = 0x00000037, [$s1] = 0x00000037, [$s2] = 0x00000000
[$s3] = 0x00000020, [$s4] = 0x00000001, [$s5] = 0x00000000
[$s6] = 0x00000000, [$s7] = 0x00000000, [$t0] = 0x00000020
[$t1] = 0x00000037, [$t2] = 0x00000000, [$t3] = 0x00000000
[$t4] = 0x00000000, [$t5] = 0x00000000, [$t6] = 0x00000000
[$t7] = 0x00000000, [$t8] = 0x00000000, [$t9] = 0x00000000
 
T:          26, CLK = 0, PC = 0x0000003c
[$s0] = 0x00000037, [$s1] = 0x00000037, [$s2] = 0x00000037
[$s3] = 0x00000020, [$s4] = 0x00000001, [$s5] = 0x00000000
[$s6] = 0x00000000, [$s7] = 0x00000000, [$t0] = 0x00000020
[$t1] = 0x00000037, [$t2] = 0x00000000, [$t3] = 0x00000000
[$t4] = 0x00000000, [$t5] = 0x00000000, [$t6] = 0x00000000
[$t7] = 0x00000000, [$t8] = 0x00000000, [$t9] = 0x00000000
 
T:          26, CLK = 1, PC = 0x00000040
[$s0] = 0x00000037, [$s1] = 0x00000037, [$s2] = 0x00000037
[$s3] = 0x00000020, [$s4] = 0x00000001, [$s5] = 0x00000000
[$s6] = 0x00000000, [$s7] = 0x00000000, [$t0] = 0x00000020
[$t1] = 0x00000037, [$t2] = 0x00000000, [$t3] = 0x00000000
[$t4] = 0x00000000, [$t5] = 0x00000000, [$t6] = 0x00000000
[$t7] = 0x00000000, [$t8] = 0x00000000, [$t9] = 0x00000000
 
T:          27, CLK = 0, PC = 0x00000040
[$s0] = 0x00000037, [$s1] = 0x00000037, [$s2] = 0x00000037
[$s3] = 0x00000020, [$s4] = 0x00000001, [$s5] = 0x00000000
[$s6] = 0x00000000, [$s7] = 0x00000000, [$t0] = 0x00000020
[$t1] = 0x00000037, [$t2] = 0x00000000, [$t3] = 0x00000000
[$t4] = 0x00000000, [$t5] = 0x00000000, [$t6] = 0x00000000
[$t7] = 0x00000000, [$t8] = 0x00000000, [$t9] = 0x00000000
 
T:          27, CLK = 1, PC = 0x00000040
[$s0] = 0x00000037, [$s1] = 0x00000037, [$s2] = 0x00000037
[$s3] = 0x00000020, [$s4] = 0x00000001, [$s5] = 0x00000000
[$s6] = 0x00000000, [$s7] = 0x00000000, [$t0] = 0x00000020
[$t1] = 0x00000037, [$t2] = 0x00000000, [$t3] = 0x00000000
[$t4] = 0x00000000, [$t5] = 0x00000000, [$t6] = 0x00000000
[$t7] = 0x00000000, [$t8] = 0x00000000, [$t9] = 0x00000000
 
T:          28, CLK = 0, PC = 0x00000040
[$s0] = 0x00000037, [$s1] = 0x00000037, [$s2] = 0x00000037
[$s3] = 0x00000020, [$s4] = 0x00000001, [$s5] = 0x00000000
[$s6] = 0x00000000, [$s7] = 0x00000000, [$t0] = 0x00000020
[$t1] = 0x00000037, [$t2] = 0x00000000, [$t3] = 0x00000000
[$t4] = 0x00000000, [$t5] = 0x00000000, [$t6] = 0x00000000
[$t7] = 0x00000000, [$t8] = 0x00000000, [$t9] = 0x00000000
 
T:          28, CLK = 1, PC = 0x0000007c
[$s0] = 0x00000037, [$s1] = 0x00000037, [$s2] = 0x00000037
[$s3] = 0x00000020, [$s4] = 0x00000001, [$s5] = 0x00000000
[$s6] = 0x00000000, [$s7] = 0x00000000, [$t0] = 0x00000020
[$t1] = 0x00000037, [$t2] = 0x00000000, [$t3] = 0x00000000
[$t4] = 0x00000000, [$t5] = 0x00000000, [$t6] = 0x00000000
[$t7] = 0x00000000, [$t8] = 0x00000000, [$t9] = 0x00000000
 
T:          29, CLK = 0, PC = 0x0000007c
[$s0] = 0x00000037, [$s1] = 0x00000037, [$s2] = 0x00000037
[$s3] = 0x00000020, [$s4] = 0x00000000, [$s5] = 0x00000000
[$s6] = 0x00000000, [$s7] = 0x00000000, [$t0] = 0x00000020
[$t1] = 0x00000037, [$t2] = 0x00000000, [$t3] = 0x00000000
[$t4] = 0x00000000, [$t5] = 0x00000000, [$t6] = 0x00000000
[$t7] = 0x00000000, [$t8] = 0x00000000, [$t9] = 0x00000000
 
T:          29, CLK = 1, PC = 0x00000080
[$s0] = 0x00000037, [$s1] = 0x00000037, [$s2] = 0x00000037
[$s3] = 0x00000020, [$s4] = 0x00000000, [$s5] = 0x00000000
[$s6] = 0x00000000, [$s7] = 0x00000000, [$t0] = 0x00000020
[$t1] = 0x00000037, [$t2] = 0x00000000, [$t3] = 0x00000000
[$t4] = 0x00000000, [$t5] = 0x00000000, [$t6] = 0x00000000
[$t7] = 0x00000000, [$t8] = 0x00000000, [$t9] = 0x00000000
 
T:          30, CLK = 0, PC = 0x00000080
[$s0] = 0x00000037, [$s1] = 0x00000037, [$s2] = 0x00000037
[$s3] = 0x00000020, [$s4] = 0x00000000, [$s5] = 0x00000000
[$s6] = 0x00000000, [$s7] = 0x00000000, [$t0] = 0x00000020
[$t1] = 0x00000037, [$t2] = 0x00000000, [$t3] = 0x00000000
[$t4] = 0x00000000, [$t5] = 0x00000000, [$t6] = 0x00000000
[$t7] = 0x00000000, [$t8] = 0x00000000, [$t9] = 0x00000000
 
T:          30, CLK = 1, PC = 0x00000084
[$s0] = 0x00000037, [$s1] = 0x00000037, [$s2] = 0x00000037
[$s3] = 0x00000020, [$s4] = 0x00000000, [$s5] = 0x00000000
[$s6] = 0x00000000, [$s7] = 0x00000000, [$t0] = 0x00000020
[$t1] = 0x00000037, [$t2] = 0x00000000, [$t3] = 0x00000000
[$t4] = 0x00000000, [$t5] = 0x00000000, [$t6] = 0x00000000
[$t7] = 0x00000000, [$t8] = 0x00000000, [$t9] = 0x00000000
 
T:          31, CLK = 0, PC = 0x00000084
[$s0] = 0x00000037, [$s1] = 0x00000037, [$s2] = 0x00000037
[$s3] = 0x00000020, [$s4] = 0x00000000, [$s5] = 0x00000000
[$s6] = 0x00000000, [$s7] = 0x00000000, [$t0] = 0x00000020
[$t1] = 0x00000037, [$t2] = 0x00000000, [$t3] = 0x00000000
[$t4] = 0x00000000, [$t5] = 0x00000000, [$t6] = 0x00000000
[$t7] = 0x00000000, [$t8] = 0x00000000, [$t9] = 0x00000000
 
T:          31, CLK = 1, PC = 0x00000088
[$s0] = 0x00000037, [$s1] = 0x00000037, [$s2] = 0x00000037
[$s3] = 0x00000020, [$s4] = 0x00000000, [$s5] = 0x00000000
[$s6] = 0x00000000, [$s7] = 0x00000000, [$t0] = 0x00000020
[$t1] = 0x00000037, [$t2] = 0x00000000, [$t3] = 0x00000000
[$t4] = 0x00000000, [$t5] = 0x00000000, [$t6] = 0x00000000
[$t7] = 0x00000000, [$t8] = 0x00000000, [$t9] = 0x00000000
 
T:          32, CLK = 0, PC = 0x00000088
[$s0] = 0x00000037, [$s1] = 0x00000037, [$s2] = 0x00000037
[$s3] = 0x00000020, [$s4] = 0x00000000, [$s5] = 0x00000000
[$s6] = 0x00000000, [$s7] = 0x00000000, [$t0] = 0x00000020
[$t1] = 0x00000037, [$t2] = 0x00000000, [$t3] = 0x00000000
[$t4] = 0x00000000, [$t5] = 0x00000000, [$t6] = 0x00000000
[$t7] = 0x00000000, [$t8] = 0x00000000, [$t9] = 0x00000000
 
T:          32, CLK = 1, PC = 0x0000008c
[$s0] = 0x00000037, [$s1] = 0x00000037, [$s2] = 0x00000037
[$s3] = 0x00000020, [$s4] = 0x00000000, [$s5] = 0x00000000
[$s6] = 0x00000000, [$s7] = 0x00000000, [$t0] = 0x00000020
[$t1] = 0x00000037, [$t2] = 0x00000000, [$t3] = 0x00000000
[$t4] = 0x00000000, [$t5] = 0x00000000, [$t6] = 0x00000000
[$t7] = 0x00000000, [$t8] = 0x00000000, [$t9] = 0x00000000
 
T:          33, CLK = 0, PC = 0x0000008c
[$s0] = 0x00000037, [$s1] = 0x00000037, [$s2] = 0x00000037
[$s3] = 0x00000020, [$s4] = 0x00000000, [$s5] = 0x00000000
[$s6] = 0x00000000, [$s7] = 0x00000000, [$t0] = 0x00000020
[$t1] = 0x00000037, [$t2] = 0x00000000, [$t3] = 0x00000000
[$t4] = 0x00000000, [$t5] = 0x00000000, [$t6] = 0x00000000
[$t7] = 0x00000000, [$t8] = 0x00000000, [$t9] = 0x00000000
 
T:          33, CLK = 1, PC = 0x00000090
[$s0] = 0x00000037, [$s1] = 0x00000037, [$s2] = 0x00000037
[$s3] = 0x00000020, [$s4] = 0x00000000, [$s5] = 0x00000000
[$s6] = 0x00000000, [$s7] = 0x00000000, [$t0] = 0x00000020
[$t1] = 0x00000037, [$t2] = 0x00000000, [$t3] = 0x00000000
[$t4] = 0x00000000, [$t5] = 0x00000000, [$t6] = 0x00000000
[$t7] = 0x00000000, [$t8] = 0x00000000, [$t9] = 0x00000000
 
T:          34, CLK = 0, PC = 0x00000090
[$s0] = 0x00000037, [$s1] = 0x00000037, [$s2] = 0x00000037
[$s3] = 0x00000020, [$s4] = 0x00000000, [$s5] = 0x00000000
[$s6] = 0x00000000, [$s7] = 0x00000000, [$t0] = 0x00000020
[$t1] = 0x00000037, [$t2] = 0x00000000, [$t3] = 0x00000000
[$t4] = 0x00000000, [$t5] = 0x00000000, [$t6] = 0x00000000
[$t7] = 0x00000000, [$t8] = 0x00000000, [$t9] = 0x00000000
 
T:          34, CLK = 1, PC = 0x00000094
[$s0] = 0x00000037, [$s1] = 0x00000037, [$s2] = 0x00000037
[$s3] = 0x00000020, [$s4] = 0x00000000, [$s5] = 0x00000000
[$s6] = 0x00000000, [$s7] = 0x00000000, [$t0] = 0x00000020
[$t1] = 0x00000037, [$t2] = 0x00000000, [$t3] = 0x00000000
[$t4] = 0x00000000, [$t5] = 0x00000000, [$t6] = 0x00000000
[$t7] = 0x00000000, [$t8] = 0x00000000, [$t9] = 0x00000000
 
T:          35, CLK = 0, PC = 0x00000094
[$s0] = 0x00000037, [$s1] = 0x00000037, [$s2] = 0x00000037
[$s3] = 0x00000020, [$s4] = 0x00000000, [$s5] = 0x00000000
[$s6] = 0x00000000, [$s7] = 0x00000000, [$t0] = 0x00000020
[$t1] = 0x00000037, [$t2] = 0x00000000, [$t3] = 0x00000000
[$t4] = 0x00000000, [$t5] = 0x00000000, [$t6] = 0x00000000
[$t7] = 0x00000000, [$t8] = 0x00000000, [$t9] = 0x00000000
 
T:          35, CLK = 1, PC = 0x00000098
[$s0] = 0x00000037, [$s1] = 0x00000037, [$s2] = 0x00000037
[$s3] = 0x00000020, [$s4] = 0x00000000, [$s5] = 0x00000000
[$s6] = 0x00000000, [$s7] = 0x00000000, [$t0] = 0x00000020
[$t1] = 0x00000037, [$t2] = 0x00000000, [$t3] = 0x00000000
[$t4] = 0x00000000, [$t5] = 0x00000000, [$t6] = 0x00000000
[$t7] = 0x00000000, [$t8] = 0x00000000, [$t9] = 0x00000000
 
T:          36, CLK = 0, PC = 0x00000098
[$s0] = 0x00000037, [$s1] = 0x00000037, [$s2] = 0x00000037
[$s3] = 0x00000020, [$s4] = 0x00000000, [$s5] = 0x00000000
[$s6] = 0x00000000, [$s7] = 0x00000000, [$t0] = 0x00000020
[$t1] = 0x00000037, [$t2] = 0x00000000, [$t3] = 0x00000000
[$t4] = 0x00000000, [$t5] = 0x00000000, [$t6] = 0x00000000
[$t7] = 0x00000000, [$t8] = 0x00000000, [$t9] = 0x00000000
 
T:          36, CLK = 1, PC = 0x0000009c
[$s0] = 0x00000037, [$s1] = 0x00000037, [$s2] = 0x00000037
[$s3] = 0x00000020, [$s4] = 0x00000000, [$s5] = 0x00000000
[$s6] = 0x00000000, [$s7] = 0x00000000, [$t0] = 0x00000020
[$t1] = 0x00000037, [$t2] = 0x00000000, [$t3] = 0x00000000
[$t4] = 0x00000000, [$t5] = 0x00000000, [$t6] = 0x00000000
[$t7] = 0x00000000, [$t8] = 0x00000000, [$t9] = 0x00000000
 
T:          37, CLK = 0, PC = 0x0000009c
[$s0] = 0x00000037, [$s1] = 0x00000037, [$s2] = 0x00000037
[$s3] = 0x00000020, [$s4] = 0x00000000, [$s5] = 0x00000000
[$s6] = 0x00000000, [$s7] = 0x00000000, [$t0] = 0x00000020
[$t1] = 0x00000037, [$t2] = 0x00000000, [$t3] = 0x00000000
[$t4] = 0x00000000, [$t5] = 0x00000000, [$t6] = 0x00000000
[$t7] = 0x00000000, [$t8] = 0x00000000, [$t9] = 0x00000000
 
T:          37, CLK = 1, PC = 0x000000a0
[$s0] = 0x00000037, [$s1] = 0x00000037, [$s2] = 0x00000037
[$s3] = 0x00000020, [$s4] = 0x00000000, [$s5] = 0x00000000
[$s6] = 0x00000000, [$s7] = 0x00000000, [$t0] = 0x00000020
[$t1] = 0x00000037, [$t2] = 0x00000000, [$t3] = 0x00000000
[$t4] = 0x00000000, [$t5] = 0x00000000, [$t6] = 0x00000000
[$t7] = 0x00000000, [$t8] = 0x00000000, [$t9] = 0x00000000
 
T:          38, CLK = 0, PC = 0x000000a0
[$s0] = 0x00000037, [$s1] = 0x00000037, [$s2] = 0x00000037
[$s3] = 0x00000020, [$s4] = 0x00000000, [$s5] = 0x00000000
[$s6] = 0x00000000, [$s7] = 0x00000000, [$t0] = 0x00000020
[$t1] = 0x00000037, [$t2] = 0x00000000, [$t3] = 0x00000000
[$t4] = 0x00000000, [$t5] = 0x00000000, [$t6] = 0x00000000
[$t7] = 0x00000000, [$t8] = 0x00000000, [$t9] = 0x00000000
 
T:          38, CLK = 1, PC = 0x000000a4
[$s0] = 0x00000037, [$s1] = 0x00000037, [$s2] = 0x00000037
[$s3] = 0x00000020, [$s4] = 0x00000000, [$s5] = 0x00000000
[$s6] = 0x00000000, [$s7] = 0x00000000, [$t0] = 0x00000020
[$t1] = 0x00000037, [$t2] = 0x00000000, [$t3] = 0x00000000
[$t4] = 0x00000000, [$t5] = 0x00000000, [$t6] = 0x00000000
[$t7] = 0x00000000, [$t8] = 0x00000000, [$t9] = 0x00000000
 
T:          39, CLK = 0, PC = 0x000000a4
[$s0] = 0x00000037, [$s1] = 0x00000037, [$s2] = 0x00000037
[$s3] = 0x00000020, [$s4] = 0x00000000, [$s5] = 0x00000000
[$s6] = 0x00000000, [$s7] = 0x00000000, [$t0] = 0x00000020
[$t1] = 0x00000037, [$t2] = 0x00000000, [$t3] = 0x00000000
[$t4] = 0x00000000, [$t5] = 0x00000000, [$t6] = 0x00000000
[$t7] = 0x00000000, [$t8] = 0x00000000, [$t9] = 0x00000000
 
T:          39, CLK = 1, PC = 0x000000a8
[$s0] = 0x00000037, [$s1] = 0x00000037, [$s2] = 0x00000037
[$s3] = 0x00000020, [$s4] = 0x00000000, [$s5] = 0x00000000
[$s6] = 0x00000000, [$s7] = 0x00000000, [$t0] = 0x00000020
[$t1] = 0x00000037, [$t2] = 0x00000000, [$t3] = 0x00000000
[$t4] = 0x00000000, [$t5] = 0x00000000, [$t6] = 0x00000000
[$t7] = 0x00000000, [$t8] = 0x00000000, [$t9] = 0x00000000
 
T:          40, CLK = 0, PC = 0x000000a8
[$s0] = 0x00000037, [$s1] = 0x00000037, [$s2] = 0x00000037
[$s3] = 0x00000020, [$s4] = 0x00000000, [$s5] = 0x00000000
[$s6] = 0x00000000, [$s7] = 0x00000000, [$t0] = 0x00000020
[$t1] = 0x00000037, [$t2] = 0x00000000, [$t3] = 0x00000000
[$t4] = 0x00000000, [$t5] = 0x00000000, [$t6] = 0x00000000
[$t7] = 0x00000000, [$t8] = 0x00000000, [$t9] = 0x00000000
 
T:          40, CLK = 1, PC = 0x000000ac
[$s0] = 0x00000037, [$s1] = 0x00000037, [$s2] = 0x00000037
[$s3] = 0x00000020, [$s4] = 0x00000000, [$s5] = 0x00000000
[$s6] = 0x00000000, [$s7] = 0x00000000, [$t0] = 0x00000020
[$t1] = 0x00000037, [$t2] = 0x00000000, [$t3] = 0x00000000
[$t4] = 0x00000000, [$t5] = 0x00000000, [$t6] = 0x00000000
[$t7] = 0x00000000, [$t8] = 0x00000000, [$t9] = 0x00000000
 
T:          41, CLK = 0, PC = 0x000000ac
[$s0] = 0x00000037, [$s1] = 0x00000037, [$s2] = 0x00000037
[$s3] = 0x00000020, [$s4] = 0x00000000, [$s5] = 0x00000000
[$s6] = 0x00000000, [$s7] = 0x00000000, [$t0] = 0x00000020
[$t1] = 0x00000037, [$t2] = 0x00000000, [$t3] = 0x00000000
[$t4] = 0x00000000, [$t5] = 0x00000000, [$t6] = 0x00000000
[$t7] = 0x00000000, [$t8] = 0x00000000, [$t9] = 0x00000000
 
T:          41, CLK = 1, PC = 0x000000b0
[$s0] = 0x00000037, [$s1] = 0x00000037, [$s2] = 0x00000037
[$s3] = 0x00000020, [$s4] = 0x00000000, [$s5] = 0x00000000
[$s6] = 0x00000000, [$s7] = 0x00000000, [$t0] = 0x00000020
[$t1] = 0x00000037, [$t2] = 0x00000000, [$t3] = 0x00000000
[$t4] = 0x00000000, [$t5] = 0x00000000, [$t6] = 0x00000000
[$t7] = 0x00000000, [$t8] = 0x00000000, [$t9] = 0x00000000
 
T:          42, CLK = 0, PC = 0x000000b0
[$s0] = 0x00000037, [$s1] = 0x00000037, [$s2] = 0x00000037
[$s3] = 0x00000020, [$s4] = 0x00000000, [$s5] = 0x00000000
[$s6] = 0x00000000, [$s7] = 0x00000000, [$t0] = 0x00000020
[$t1] = 0x00000037, [$t2] = 0x00000000, [$t3] = 0x00000000
[$t4] = 0x00000000, [$t5] = 0x00000000, [$t6] = 0x00000000
[$t7] = 0x00000000, [$t8] = 0x00000000, [$t9] = 0x00000000
 
T:          42, CLK = 1, PC = 0x000000b4
[$s0] = 0x00000037, [$s1] = 0x00000037, [$s2] = 0x00000037
[$s3] = 0x00000020, [$s4] = 0x00000000, [$s5] = 0x00000000
[$s6] = 0x00000000, [$s7] = 0x00000000, [$t0] = 0x00000020
[$t1] = 0x00000037, [$t2] = 0x00000000, [$t3] = 0x00000000
[$t4] = 0x00000000, [$t5] = 0x00000000, [$t6] = 0x00000000
[$t7] = 0x00000000, [$t8] = 0x00000000, [$t9] = 0x00000000
 
T:          43, CLK = 0, PC = 0x000000b4
[$s0] = 0x00000037, [$s1] = 0x00000037, [$s2] = 0x00000037
[$s3] = 0x00000020, [$s4] = 0x00000000, [$s5] = 0x00000000
[$s6] = 0x00000000, [$s7] = 0x00000000, [$t0] = 0x00000020
[$t1] = 0x00000037, [$t2] = 0x00000000, [$t3] = 0x00000000
[$t4] = 0x00000000, [$t5] = 0x00000000, [$t6] = 0x00000000
[$t7] = 0x00000000, [$t8] = 0x00000000, [$t9] = 0x00000000
 
T:          43, CLK = 1, PC = 0x000000b8
[$s0] = 0x00000037, [$s1] = 0x00000037, [$s2] = 0x00000037
[$s3] = 0x00000020, [$s4] = 0x00000000, [$s5] = 0x00000000
[$s6] = 0x00000000, [$s7] = 0x00000000, [$t0] = 0x00000020
[$t1] = 0x00000037, [$t2] = 0x00000000, [$t3] = 0x00000000
[$t4] = 0x00000000, [$t5] = 0x00000000, [$t6] = 0x00000000
[$t7] = 0x00000000, [$t8] = 0x00000000, [$t9] = 0x00000000
 
T:          44, CLK = 0, PC = 0x000000b8
[$s0] = 0x00000037, [$s1] = 0x00000037, [$s2] = 0x00000037
[$s3] = 0x00000020, [$s4] = 0x00000000, [$s5] = 0x00000000
[$s6] = 0x00000000, [$s7] = 0x00000000, [$t0] = 0x00000020
[$t1] = 0x00000037, [$t2] = 0x00000000, [$t3] = 0x00000000
[$t4] = 0x00000000, [$t5] = 0x00000000, [$t6] = 0x00000000
[$t7] = 0x00000000, [$t8] = 0x00000000, [$t9] = 0x00000000
 
T:          44, CLK = 1, PC = 0x000000bc
[$s0] = 0x00000037, [$s1] = 0x00000037, [$s2] = 0x00000037
[$s3] = 0x00000020, [$s4] = 0x00000000, [$s5] = 0x00000000
[$s6] = 0x00000000, [$s7] = 0x00000000, [$t0] = 0x00000020
[$t1] = 0x00000037, [$t2] = 0x00000000, [$t3] = 0x00000000
[$t4] = 0x00000000, [$t5] = 0x00000000, [$t6] = 0x00000000
[$t7] = 0x00000000, [$t8] = 0x00000000, [$t9] = 0x00000000
 
T:          45, CLK = 0, PC = 0x000000bc
[$s0] = 0x00000037, [$s1] = 0x00000037, [$s2] = 0x00000037
[$s3] = 0x00000020, [$s4] = 0x00000000, [$s5] = 0x00000000
[$s6] = 0x00000000, [$s7] = 0x00000000, [$t0] = 0x00000020
[$t1] = 0x00000037, [$t2] = 0x00000000, [$t3] = 0x00000000
[$t4] = 0x00000000, [$t5] = 0x00000000, [$t6] = 0x00000000
[$t7] = 0x00000000, [$t8] = 0x00000000, [$t9] = 0x00000000
 
T:          45, CLK = 1, PC = 0x000000c0
[$s0] = 0x00000037, [$s1] = 0x00000037, [$s2] = 0x00000037
[$s3] = 0x00000020, [$s4] = 0x00000000, [$s5] = 0x00000000
[$s6] = 0x00000000, [$s7] = 0x00000000, [$t0] = 0x00000020
[$t1] = 0x00000037, [$t2] = 0x00000000, [$t3] = 0x00000000
[$t4] = 0x00000000, [$t5] = 0x00000000, [$t6] = 0x00000000
[$t7] = 0x00000000, [$t8] = 0x00000000, [$t9] = 0x00000000
 
T:          46, CLK = 0, PC = 0x000000c0
[$s0] = 0x00000037, [$s1] = 0x00000037, [$s2] = 0x00000037
[$s3] = 0x00000020, [$s4] = 0x00000000, [$s5] = 0x00000000
[$s6] = 0x00000000, [$s7] = 0x00000000, [$t0] 