#-----------------------------------------------------------
# Vivado v2020.1 (64-bit)
# SW Build 2902540 on Wed May 27 19:54:49 MDT 2020
# IP Build 2902112 on Wed May 27 22:43:36 MDT 2020
# Start of session at: Wed Nov 11 21:18:28 2020
# Process ID: 19208
# Current directory: D:/SJTU/2020-2021  FALL/p2_single/single
# Command line: vivado.exe -gui_launcher_event rodinguilauncherevent20800 D:\SJTU\2020-2021  FALL\p2_single\single\single.xpr
# Log file: D:/SJTU/2020-2021  FALL/p2_single/single/vivado.log
# Journal file: D:/SJTU/2020-2021  FALL/p2_single/single\vivado.jou
#-----------------------------------------------------------
start_gui
open_project {D:/SJTU/2020-2021  FALL/p2_single/single/single.xpr}
Scanning sources...
Finished scanning sources
INFO: [IP_Flow 19-234] Refreshing IP repositories
INFO: [IP_Flow 19-1704] No user IP repositories specified
INFO: [IP_Flow 19-2313] Loaded Vivado IP repository 'E:/Xilinx/Vivado/2020.1/data/ip'.
open_project: Time (s): cpu = 00:00:14 ; elapsed = 00:00:06 . Memory (MB): peak = 1025.734 ; gain = 0.000
update_compile_order -fileset sources_1
launch_simulation
Command: launch_simulation 
INFO: [Vivado 12-5682] Launching behavioral simulation in 'D:/SJTU/2020-2021  FALL/p2_single/single/single.sim/sim_1/behav/xsim'
INFO: [SIM-utils-51] Simulation object is 'sim_1'
INFO: [SIM-utils-54] Inspecting design source files for 'test' in fileset 'sim_1'...
INFO: [USF-XSim-97] Finding global include files...
INFO: [USF-XSim-98] Fetching design files from 'sim_1'...
INFO: [USF-XSim-2] XSim::Compile design
INFO: [USF-XSim-61] Executing 'COMPILE and ANALYZE' step in 'D:/SJTU/2020-2021  FALL/p2_single/single/single.sim/sim_1/behav/xsim'
"xvlog --incr --relax -prj test_vlog.prj"
INFO: [VRFC 10-2263] Analyzing Verilog file "D:/SJTU/2020-2021  FALL/p2_single/single/single.srcs/sources_1/new/ALU.v" into library xil_defaultlib
INFO: [VRFC 10-311] analyzing module ALU
INFO: [VRFC 10-2263] Analyzing Verilog file "D:/SJTU/2020-2021  FALL/p2_single/single/single.srcs/sources_1/new/ALUcontrol.v" into library xil_defaultlib
INFO: [VRFC 10-311] analyzing module ALUcontrol
INFO: [VRFC 10-2263] Analyzing Verilog file "D:/SJTU/2020-2021  FALL/p2_single/single/single.srcs/sources_1/new/Control.v" into library xil_defaultlib
INFO: [VRFC 10-311] analyzing module Control
INFO: [VRFC 10-2263] Analyzing Verilog file "D:/SJTU/2020-2021  FALL/p2_single/single/single.srcs/sources_1/new/DataMemory.v" into library xil_defaultlib
INFO: [VRFC 10-311] analyzing module DataMemory
INFO: [VRFC 10-2263] Analyzing Verilog file "D:/SJTU/2020-2021  FALL/p2_single/single/single.srcs/sources_1/new/InstructionMemory.v" into library xil_defaultlib
INFO: [VRFC 10-311] analyzing module InstructionMemory
INFO: [VRFC 10-2263] Analyzing Verilog file "D:/SJTU/2020-2021  FALL/p2_single/single/single.srcs/sources_1/new/MUX2_1.v" into library xil_defaultlib
INFO: [VRFC 10-311] analyzing module MUX2_1
INFO: [VRFC 10-2263] Analyzing Verilog file "D:/SJTU/2020-2021  FALL/p2_single/single/single.srcs/sources_1/new/PC.v" into library xil_defaultlib
INFO: [VRFC 10-311] analyzing module PC
INFO: [VRFC 10-2263] Analyzing Verilog file "D:/SJTU/2020-2021  FALL/p2_single/single/single.srcs/sources_1/new/Register.v" into library xil_defaultlib
INFO: [VRFC 10-311] analyzing module Register
INFO: [VRFC 10-2263] Analyzing Verilog file "D:/SJTU/2020-2021  FALL/p2_single/single/single.srcs/sources_1/new/SignExtend.v" into library xil_defaultlib
INFO: [VRFC 10-311] analyzing module SignExtend
INFO: [VRFC 10-2263] Analyzing Verilog file "D:/SJTU/2020-2021  FALL/p2_single/single/single.srcs/sources_1/new/singlecycle.v" into library xil_defaultlib
INFO: [VRFC 10-311] analyzing module singlecycle
INFO: [VRFC 10-2263] Analyzing Verilog file "D:/SJTU/2020-2021  FALL/p2_single/single/single.srcs/sim_1/new/test.v" into library xil_defaultlib
INFO: [VRFC 10-311] analyzing module test
INFO: [USF-XSim-69] 'compile' step finished in '2' seconds
INFO: [USF-XSim-3] XSim::Elaborate design
INFO: [USF-XSim-61] Executing 'ELABORATE' step in 'D:/SJTU/2020-2021  FALL/p2_single/single/single.sim/sim_1/behav/xsim'
"xelab -wto 8c56f28c6ea54e9db4468a558dc35cac --incr --debug typical --relax --mt 2 -L xil_defaultlib -L unisims_ver -L unimacro_ver -L secureip --snapshot test_behav xil_defaultlib.test xil_defaultlib.glbl -log elaborate.log"
Vivado Simulator 2020.1
Copyright 1986-1999, 2001-2020 Xilinx, Inc. All Rights Reserved.
Running: E:/Xilinx/Vivado/2020.1/bin/unwrapped/win64.o/xelab.exe -wto 8c56f28c6ea54e9db4468a558dc35cac --incr --debug typical --relax --mt 2 -L xil_defaultlib -L unisims_ver -L unimacro_ver -L secureip --snapshot test_behav xil_defaultlib.test xil_defaultlib.glbl -log elaborate.log 
Using 2 slave threads.
Starting static elaboration
Pass Through NonSizing Optimizer
Completed static elaboration
Starting simulation data flow analysis
Completed simulation data flow analysis
Time Resolution for simulation is 1ps
Compiling module xil_defaultlib.PC
Compiling module xil_defaultlib.InstructionMemory
Compiling module xil_defaultlib.MUX2_1
Compiling module xil_defaultlib.Control
Compiling module xil_defaultlib.Register
Compiling module xil_defaultlib.SignExtend
Compiling module xil_defaultlib.ALUcontrol
Compiling module xil_defaultlib.ALU
Compiling module xil_defaultlib.DataMemory
Compiling module xil_defaultlib.singlecycle
Compiling module xil_defaultlib.test
Compiling module xil_defaultlib.glbl
Built simulation snapshot test_behav
INFO: [USF-XSim-69] 'elaborate' step finished in '3' seconds
INFO: [USF-XSim-4] XSim::Simulate design
INFO: [USF-XSim-61] Executing 'SIMULATE' step in 'D:/SJTU/2020-2021  FALL/p2_single/single/single.sim/sim_1/behav/xsim'
INFO: [USF-XSim-98] *** Running xsim
   with args "test_behav -key {Behavioral:sim_1:Functional:test} -tclbatch {test.tcl} -log {simulate.log}"
INFO: [USF-XSim-8] Loading simulator feature
Vivado Simulator 2020.1
Time resolution is 1 ps
source test.tcl
# set curr_wave [current_wave_config]
# if { [string length $curr_wave] == 0 } {
#   if { [llength [get_objects]] > 0} {
#     add_wave /
#     set_property needs_save false [current_wave_config]
#   } else {
#      send_msg_id Add_Wave-1 WARNING "No top level signals found. Simulator will start without a wave window. If you want to open a wave window go to 'File->New Waveform Configuration' or type 'create_wave_config' in the TCL console."
#   }
# }
# run 1000ns
===============================================
Time:           0, CLK = 0, PC = 0x00000000
[$s0] = 0x00000000, [$s1] = 0x00000000, [$s2] = 0x00000000
[$s3] = 0x00000000, [$s4] = 0x00000000, [$s5] = 0x00000000
[$s6] = 0x00000000, [$s7] = 0x00000000, [$t0] = 0x00000000
[$t1] = 0x00000000, [$t2] = 0x00000000, [$t3] = 0x00000000
[$t4] = 0x00000000, [$t5] = 0x00000000, [$t6] = 0x00000000
[$t7] = 0x00000000, [$t8] = 0x00000000, [$t9] = 0x00000000
 
===============================================
Time:          10, CLK = 1, PC = 0x00000004
[$s0] = 0x00000000, [$s1] = 0x00000000, [$s2] = 0x00000000
[$s3] = 0x00000000, [$s4] = 0x00000000, [$s5] = 0x00000000
[$s6] = 0x00000000, [$s7] = 0x00000000, [$t0] = 0x00000020
[$t1] = 0x00000000, [$t2] = 0x00000000, [$t3] = 0x00000000
[$t4] = 0x00000000, [$t5] = 0x00000000, [$t6] = 0x00000000
[$t7] = 0x00000000, [$t8] = 0x00000000, [$t9] = 0x00000000
 
===============================================
Time:          20, CLK = 0, PC = 0x00000004
[$s0] = 0x00000000, [$s1] = 0x00000000, [$s2] = 0x00000000
[$s3] = 0x00000000, [$s4] = 0x00000000, [$s5] = 0x00000000
[$s6] = 0x00000000, [$s7] = 0x00000000, [$t0] = 0x00000020
[$t1] = 0x00000000, [$t2] = 0x00000000, [$t3] = 0x00000000
[$t4] = 0x00000000, [$t5] = 0x00000000, [$t6] = 0x00000000
[$t7] = 0x00000000, [$t8] = 0x00000000, [$t9] = 0x00000000
 
===============================================
Time:          30, CLK = 1, PC = 0x00000008
[$s0] = 0x00000000, [$s1] = 0x00000000, [$s2] = 0x00000000
[$s3] = 0x00000000, [$s4] = 0x00000000, [$s5] = 0x00000000
[$s6] = 0x00000000, [$s7] = 0x00000000, [$t0] = 0x00000020
[$t1] = 0x00000037, [$t2] = 0x00000000, [$t3] = 0x00000000
[$t4] = 0x00000000, [$t5] = 0x00000000, [$t6] = 0x00000000
[$t7] = 0x00000000, [$t8] = 0x00000000, [$t9] = 0x00000000
 
===============================================
Time:          40, CLK = 0, PC = 0x00000008
[$s0] = 0x00000000, [$s1] = 0x00000000, [$s2] = 0x00000000
[$s3] = 0x00000000, [$s4] = 0x00000000, [$s5] = 0x00000000
[$s6] = 0x00000000, [$s7] = 0x00000000, [$t0] = 0x00000020
[$t1] = 0x00000037, [$t2] = 0x00000000, [$t3] = 0x00000000
[$t4] = 0x00000000, [$t5] = 0x00000000, [$t6] = 0x00000000
[$t7] = 0x00000000, [$t8] = 0x00000000, [$t9] = 0x00000000
 
===============================================
Time:          50, CLK = 1, PC = 0x0000000c
[$s0] = 0x00000020, [$s1] = 0x00000000, [$s2] = 0x00000000
[$s3] = 0x00000000, [$s4] = 0x00000000, [$s5] = 0x00000000
[$s6] = 0x00000000, [$s7] = 0x00000000, [$t0] = 0x00000020
[$t1] = 0x00000037, [$t2] = 0x00000000, [$t3] = 0x00000000
[$t4] = 0x00000000, [$t5] = 0x00000000, [$t6] = 0x00000000
[$t7] = 0x00000000, [$t8] = 0x00000000, [$t9] = 0x00000000
 
===============================================
Time:          60, CLK = 0, PC = 0x0000000c
[$s0] = 0x00000020, [$s1] = 0x00000000, [$s2] = 0x00000000
[$s3] = 0x00000000, [$s4] = 0x00000000, [$s5] = 0x00000000
[$s6] = 0x00000000, [$s7] = 0x00000000, [$t0] = 0x00000020
[$t1] = 0x00000037, [$t2] = 0x00000000, [$t3] = 0x00000000
[$t4] = 0x00000000, [$t5] = 0x00000000, [$t6] = 0x00000000
[$t7] = 0x00000000, [$t8] = 0x00000000, [$t9] = 0x00000000
 
===============================================
Time:          70, CLK = 1, PC = 0x00000010
[$s0] = 0x00000037, [$s1] = 0x00000000, [$s2] = 0x00000000
[$s3] = 0x00000000, [$s4] = 0x00000000, [$s5] = 0x00000000
[$s6] = 0x00000000, [$s7] = 0x00000000, [$t0] = 0x00000020
[$t1] = 0x00000037, [$t2] = 0x00000000, [$t3] = 0x00000000
[$t4] = 0x00000000, [$t5] = 0x00000000, [$t6] = 0x00000000
[$t7] = 0x00000000, [$t8] = 0x00000000, [$t9] = 0x00000000
 
===============================================
Time:          80, CLK = 0, PC = 0x00000010
[$s0] = 0x00000037, [$s1] = 0x00000000, [$s2] = 0x00000000
[$s3] = 0x00000000, [$s4] = 0x00000000, [$s5] = 0x00000000
[$s6] = 0x00000000, [$s7] = 0x00000000, [$t0] = 0x00000020
[$t1] = 0x00000037, [$t2] = 0x00000000, [$t3] = 0x00000000
[$t4] = 0x00000000, [$t5] = 0x00000000, [$t6] = 0x00000000
[$t7] = 0x00000000, [$t8] = 0x00000000, [$t9] = 0x00000000
 
===============================================
Time:          90, CLK = 1, PC = 0x00000014
[$s0] = 0x00000037, [$s1] = 0x00000000, [$s2] = 0x00000000
[$s3] = 0x00000000, [$s4] = 0x00000000, [$s5] = 0x00000000
[$s6] = 0x00000000, [$s7] = 0x00000000, [$t0] = 0x00000020
[$t1] = 0x00000037, [$t2] = 0x00000000, [$t3] = 0x00000000
[$t4] = 0x00000000, [$t5] = 0x00000000, [$t6] = 0x00000000
[$t7] = 0x00000000, [$t8] = 0x00000000, [$t9] = 0x00000000
 
===============================================
Time:         100, CLK = 0, PC = 0x00000014
[$s0] = 0x00000037, [$s1] = 0x00000000, [$s2] = 0x00000000
[$s3] = 0x00000000, [$s4] = 0x00000000, [$s5] = 0x00000000
[$s6] = 0x00000000, [$s7] = 0x00000000, [$t0] = 0x00000020
[$t1] = 0x00000037, [$t2] = 0x00000000, [$t3] = 0x00000000
[$t4] = 0x00000000, [$t5] = 0x00000000, [$t6] = 0x00000000
[$t7] = 0x00000000, [$t8] = 0x00000000, [$t9] = 0x00000000
 
===============================================
Time:         110, CLK = 1, PC = 0x00000018
[$s0] = 0x00000037, [$s1] = 0x00000037, [$s2] = 0x00000000
[$s3] = 0x00000000, [$s4] = 0x00000000, [$s5] = 0x00000000
[$s6] = 0x00000000, [$s7] = 0x00000000, [$t0] = 0x00000020
[$t1] = 0x00000037, [$t2] = 0x00000000, [$t3] = 0x00000000
[$t4] = 0x00000000, [$t5] = 0x00000000, [$t6] = 0x00000000
[$t7] = 0x00000000, [$t8] = 0x00000000, [$t9] = 0x00000000
 
===============================================
Time:         120, CLK = 0, PC = 0x00000018
[$s0] = 0x00000037, [$s1] = 0x00000037, [$s2] = 0x00000000
[$s3] = 0x00000000, [$s4] = 0x00000000, [$s5] = 0x00000000
[$s6] = 0x00000000, [$s7] = 0x00000000, [$t0] = 0x00000020
[$t1] = 0x00000037, [$t2] = 0x00000000, [$t3] = 0x00000000
[$t4] = 0x00000000, [$t5] = 0x00000000, [$t6] = 0x00000000
[$t7] = 0x00000000, [$t8] = 0x00000000, [$t9] = 0x00000000
 
===============================================
Time:         130, CLK = 1, PC = 0x0000001c
[$s0] = 0x00000037, [$s1] = 0x00000037, [$s2] = 0x00000000
[$s3] = 0x00000000, [$s4] = 0x00000000, [$s5] = 0x00000000
[$s6] = 0x00000000, [$s7] = 0x00000000, [$t0] = 0x00000020
[$t1] = 0x00000037, [$t2] = 0x00000000, [$t3] = 0x00000057
[$t4] = 0x00000000, [$t5] = 0x00000000, [$t6] = 0x00000000
[$t7] = 0x00000000, [$t8] = 0x00000000, [$t9] = 0x00000000
 
===============================================
Time:         140, CLK = 0, PC = 0x0000001c
[$s0] = 0x00000037, [$s1] = 0x00000037, [$s2] = 0x00000000
[$s3] = 0x00000000, [$s4] = 0x00000000, [$s5] = 0x00000000
[$s6] = 0x00000000, [$s7] = 0x00000000, [$t0] = 0x00000020
[$t1] = 0x00000037, [$t2] = 0x00000000, [$t3] = 0x00000057
[$t4] = 0x00000000, [$t5] = 0x00000000, [$t6] = 0x00000000
[$t7] = 0x00000000, [$t8] = 0x00000000, [$t9] = 0x00000000
 
===============================================
Time:         150, CLK = 1, PC = 0x00000020
[$s0] = 0x00000037, [$s1] = 0x00000037, [$s2] = 0x00000000
[$s3] = 0x00000000, [$s4] = 0x00000000, [$s5] = 0x00000000
[$s6] = 0x00000000, [$s7] = 0x00000000, [$t0] = 0x00000020
[$t1] = 0x00000037, [$t2] = 0x00000000, [$t3] = 0x00000017
[$t4] = 0x00000000, [$t5] = 0x00000000, [$t6] = 0x00000000
[$t7] = 0x00000000, [$t8] = 0x00000000, [$t9] = 0x00000000
 
===============================================
Time:         160, CLK = 0, PC = 0x00000020
[$s0] = 0x00000037, [$s1] = 0x00000037, [$s2] = 0x00000000
[$s3] = 0x00000000, [$s4] = 0x00000000, [$s5] = 0x00000000
[$s6] = 0x00000000, [$s7] = 0x00000000, [$t0] = 0x00000020
[$t1] = 0x00000037, [$t2] = 0x00000000, [$t3] = 0x00000017
[$t4] = 0x00000000, [$t5] = 0x00000000, [$t6] = 0x00000000
[$t7] = 0x00000000, [$t8] = 0x00000000, [$t9] = 0x00000000
 
===============================================
Time:         170, CLK = 1, PC = 0x00000024
[$s0] = 0x00000037, [$s1] = 0x00000037, [$s2] = 0x00000000
[$s3] = 0x00000000, [$s4] = 0x00000000, [$s5] = 0x00000000
[$s6] = 0x00000000, [$s7] = 0x00000000, [$t0] = 0x00000020
[$t1] = 0x00000037, [$t2] = 0x00000000, [$t3] = 0x00000020
[$t4] = 0x00000000, [$t5] = 0x00000000, [$t6] = 0x00000000
[$t7] = 0x00000000, [$t8] = 0x00000000, [$t9] = 0x00000000
 
===============================================
Time:         180, CLK = 0, PC = 0x00000024
[$s0] = 0x00000037, [$s1] = 0x00000037, [$s2] = 0x00000000
[$s3] = 0x00000000, [$s4] = 0x00000000, [$s5] = 0x00000000
[$s6] = 0x00000000, [$s7] = 0x00000000, [$t0] = 0x00000020
[$t1] = 0x00000037, [$t2] = 0x00000000, [$t3] = 0x00000020
[$t4] = 0x00000000, [$t5] = 0x00000000, [$t6] = 0x00000000
[$t7] = 0x00000000, [$t8] = 0x00000000, [$t9] = 0x00000000
 
===============================================
Time:         190, CLK = 1, PC = 0x00000028
[$s0] = 0x00000037, [$s1] = 0x00000037, [$s2] = 0x00000000
[$s3] = 0x00000000, [$s4] = 0x00000000, [$s5] = 0x00000000
[$s6] = 0x00000000, [$s7] = 0x00000000, [$t0] = 0x00000020
[$t1] = 0x00000037, [$t2] = 0x00000000, [$t3] = 0x00000001
[$t4] = 0x00000000, [$t5] = 0x00000000, [$t6] = 0x00000000
[$t7] = 0x00000000, [$t8] = 0x00000000, [$t9] = 0x00000000
 
===============================================
Time:         200, CLK = 0, PC = 0x00000028
[$s0] = 0x00000037, [$s1] = 0x00000037, [$s2] = 0x00000000
[$s3] = 0x00000000, [$s4] = 0x00000000, [$s5] = 0x00000000
[$s6] = 0x00000000, [$s7] = 0x00000000, [$t0] = 0x00000020
[$t1] = 0x00000037, [$t2] = 0x00000000, [$t3] = 0x00000001
[$t4] = 0x00000000, [$t5] = 0x00000000, [$t6] = 0x00000000
[$t7] = 0x00000000, [$t8] = 0x00000000, [$t9] = 0x00000000
 
===============================================
Time:         210, CLK = 1, PC = 0x00000030
[$s0] = 0x00000037, [$s1] = 0x00000037, [$s2] = 0x00000000
[$s3] = 0x00000000, [$s4] = 0x00000000, [$s5] = 0x00000000
[$s6] = 0x00000000, [$s7] = 0x00000000, [$t0] = 0x00000020
[$t1] = 0x00000037, [$t2] = 0x00000000, [$t3] = 0x00000001
[$t4] = 0x00000000, [$t5] = 0x00000000, [$t6] = 0x00000000
[$t7] = 0x00000000, [$t8] = 0x00000000, [$t9] = 0x00000000
 
===============================================
Time:         220, CLK = 0, PC = 0x00000030
[$s0] = 0x00000037, [$s1] = 0x00000037, [$s2] = 0x00000000
[$s3] = 0x00000000, [$s4] = 0x00000000, [$s5] = 0x00000000
[$s6] = 0x00000000, [$s7] = 0x00000000, [$t0] = 0x00000020
[$t1] = 0x00000037, [$t2] = 0x00000000, [$t3] = 0x00000001
[$t4] = 0x00000000, [$t5] = 0x00000000, [$t6] = 0x00000000
[$t7] = 0x00000000, [$t8] = 0x00000000, [$t9] = 0x00000000
 
===============================================
Time:         230, CLK = 1, PC = 0x00000038
[$s0] = 0x00000037, [$s1] = 0x00000037, [$s2] = 0x00000000
[$s3] = 0x00000000, [$s4] = 0x00000000, [$s5] = 0x00000000
[$s6] = 0x00000000, [$s7] = 0x00000000, [$t0] = 0x00000020
[$t1] = 0x00000037, [$t2] = 0x00000000, [$t3] = 0x00000001
[$t4] = 0x00000000, [$t5] = 0x00000000, [$t6] = 0x00000000
[$t7] = 0x00000000, [$t8] = 0x00000000, [$t9] = 0x00000000
 
===============================================
Time:         240, CLK = 0, PC = 0x00000038
[$s0] = 0x00000037, [$s1] = 0x00000037, [$s2] = 0x00000000
[$s3] = 0x00000000, [$s4] = 0x00000000, [$s5] = 0x00000000
[$s6] = 0x00000000, [$s7] = 0x00000000, [$t0] = 0x00000020
[$t1] = 0x00000037, [$t2] = 0x00000000, [$t3] = 0x00000001
[$t4] = 0x00000000, [$t5] = 0x00000000, [$t6] = 0x00000000
[$t7] = 0x00000000, [$t8] = 0x00000000, [$t9] = 0x00000000
 
===============================================
Time:         250, CLK = 1, PC = 0x00000000
[$s0] = 0x00000037, [$s1] = 0x00000037, [$s2] = 0x00000000
[$s3] = 0x00000000, [$s4] = 0x00000000, [$s5] = 0x00000000
[$s6] = 0x00000000, [$s7] = 0x00000000, [$t0] = 0x00000020
[$t1] = 0x00000037, [$t2] = 0x00000000, [$t3] = 0x00000001
[$t4] = 0x00000000, [$t5] = 0x00000000, [$t6] = 0x00000000
[$t7] = 0x00000000, [$t8] = 0x00000000, [$t9] = 0x00000000
 
===============================================
Time:         260, CLK = 0, PC = 0x00000000
[$s0] = 0x00000037, [$s1] = 0x00000037, [$s2] = 0x00000000
[$s3] = 0x00000000, [$s4] = 0x00000000, [$s5] = 0x00000000
[$s6] = 0x00000000, [$s7] = 0x00000000, [$t0] = 0x00000020
[$t1] = 0x00000037, [$t2] = 0x00000000, [$t3] = 0x00000001
[$t4] = 0x00000000, [$t5] = 0x00000000, [$t6] = 0x00000000
[$t7] = 0x00000000, [$t8] = 0x00000000, [$t9] = 0x00000000
 
$stop called at time : 280 ns : File "D:/SJTU/2020-2021  FALL/p2_single/single/single.srcs/sim_1/new/test.v" Line 26
INFO: [USF-XSim-96] XSim completed. Design snapshot 'test_behav' loaded.
INFO: [USF-XSim-97] XSim simulation ran for 1000ns
launch_simulation: Time (s): cpu = 00:00:08 ; elapsed = 00:00:09 . Memory (MB): peak = 1025.734 ; gain = 0.000
close_sim
INFO: [Simtcl 6-16] Simulation closed
launch_simulation
Command: launch_simulation 
INFO: [Vivado 12-5682] Launching behavioral simulation in 'D:/SJTU/2020-2021  FALL/p2_single/single/single.sim/sim_1/behav/xsim'
INFO: [SIM-utils-51] Simulation object is 'sim_1'
INFO: [SIM-utils-54] Inspecting design source files for 'test' in fileset 'sim_1'...
INFO: [USF-XSim-97] Finding global include files...
INFO: [USF-XSim-98] Fetching design files from 'sim_1'...
INFO: [USF-XSim-2] XSim::Compile design
INFO: [USF-XSim-61] Executing 'COMPILE and ANALYZE' step in 'D:/SJTU/2020-2021  FALL/p2_single/single/single.sim/sim_1/behav/xsim'
"xvlog --incr --relax -prj test_vlog.prj"
INFO: [VRFC 10-2263] Analyzing Verilog file "D:/SJTU/2020-2021  FALL/p2_single/single/single.srcs/sources_1/new/ALU.v" into library xil_defaultlib
INFO: [VRFC 10-311] analyzing module ALU
INFO: [VRFC 10-2263] Analyzing Verilog file "D:/SJTU/2020-2021  FALL/p2_single/single/single.srcs/sources_1/new/ALUcontrol.v" into library xil_defaultlib
INFO: [VRFC 10-311] analyzing module ALUcontrol
INFO: [VRFC 10-2263] Analyzing Verilog file "D:/SJTU/2020-2021  FALL/p2_single/single/single.srcs/sources_1/new/Control.v" into library xil_defaultlib
INFO: [VRFC 10-311] analyzing module Control
INFO: [VRFC 10-2263] Analyzing Verilog file "D:/SJTU/2020-2021  FALL/p2_single/single/single.srcs/sources_1/new/DataMemory.v" into library xil_defaultlib
INFO: [VRFC 10-311] analyzing module DataMemory
INFO: [VRFC 10-2263] Analyzing Verilog file "D:/SJTU/2020-2021  FALL/p2_single/single/single.srcs/sources_1/new/InstructionMemory.v" into library xil_defaultlib
INFO: [VRFC 10-311] analyzing module InstructionMemory
INFO: [VRFC 10-2263] Analyzing Verilog file "D:/SJTU/2020-2021  FALL/p2_single/single/single.srcs/sources_1/new/MUX2_1.v" into library xil_defaultlib
INFO: [VRFC 10-311] analyzing module MUX2_1
INFO: [VRFC 10-2263] Analyzing Verilog file "D:/SJTU/2020-2021  FALL/p2_single/single/single.srcs/sources_1/new/PC.v" into library xil_defaultlib
INFO: [VRFC 10-311] analyzing module PC
INFO: [VRFC 10-2263] Analyzing Verilog file "D:/SJTU/2020-2021  FALL/p2_single/single/single.srcs/sources_1/new/Register.v" into library xil_defaultlib
INFO: [VRFC 10-311] analyzing module Register
INFO: [VRFC 10-2263] Analyzing Verilog file "D:/SJTU/2020-2021  FALL/p2_single/single/single.srcs/sources_1/new/SignExtend.v" into library xil_defaultlib
INFO: [VRFC 10-311] analyzing module SignExtend
INFO: [VRFC 10-2263] Analyzing Verilog file "D:/SJTU/2020-2021  FALL/p2_single/single/single.srcs/sources_1/new/singlecycle.v" into library xil_defaultlib
INFO: [VRFC 10-311] analyzing module singlecycle
INFO: [VRFC 10-2263] Analyzing Verilog file "D:/SJTU/2020-2021  FALL/p2_single/single/single.srcs/sim_1/new/test.v" into library xil_defaultlib
INFO: [VRFC 10-311] analyzing module test
INFO: [USF-XSim-69] 'compile' step finished in '2' seconds
INFO: [USF-XSim-3] XSim::Elaborate design
INFO: [USF-XSim-61] Executing 'ELABORATE' step in 'D:/SJTU/2020-2021  FALL/p2_single/single/single.sim/sim_1/behav/xsim'
"xelab -wto 8c56f28c6ea54e9db4468a558dc35cac --incr --debug typical --relax --mt 2 -L xil_defaultlib -L unisims_ver -L unimacro_ver -L secureip --snapshot test_behav xil_defaultlib.test xil_defaultlib.glbl -log elaborate.log"
Vivado Simulator 2020.1
Copyright 1986-1999, 2001-2020 Xilinx, Inc. All Rights Reserved.
Running: E:/Xilinx/Vivado/2020.1/bin/unwrapped/win64.o/xelab.exe -wto 8c56f28c6ea54e9db4468a558dc35cac --incr --debug typical --relax --mt 2 -L xil_defaultlib -L unisims_ver -L unimacro_ver -L secureip --snapshot test_behav xil_defaultlib.test xil_defaultlib.glbl -log elaborate.log 
Using 2 slave threads.
Starting static elaboration
Pass Through NonSizing Optimizer
Completed static elaboration
Starting simulation data flow analysis
Completed simulation data flow analysis
Time Resolution for simulation is 1ps
Compiling module xil_defaultlib.PC
Compiling module xil_defaultlib.InstructionMemory
Compiling module xil_defaultlib.MUX2_1
Compiling module xil_defaultlib.Control
Compiling module xil_defaultlib.Register
Compiling module xil_defaultlib.SignExtend
Compiling module xil_defaultlib.ALUcontrol
Compiling module xil_defaultlib.ALU
Compiling module xil_defaultlib.DataMemory
Compiling module xil_defaultlib.singlecycle
Compiling module xil_defaultlib.test
Compiling module xil_defaultlib.glbl
Built simulation snapshot test_behav
INFO: [USF-XSim-69] 'elaborate' step finished in '3' seconds
INFO: [USF-XSim-4] XSim::Simulate design
INFO: [USF-XSim-61] Executing 'SIMULATE' step in 'D:/SJTU/2020-2021  FALL/p2_single/single/single.sim/sim_1/behav/xsim'
INFO: [USF-XSim-98] *** Running xsim
   with args "test_behav -key {Behavioral:sim_1:Functional:test} -tclbatch {test.tcl} -log {simulate.log}"
INFO: [USF-XSim-8] Loading simulator feature
Vivado Simulator 2020.1
Time resolution is 1 ps
source test.tcl
# set curr_wave [current_wave_config]
# if { [string length $curr_wave] == 0 } {
#   if { [llength [get_objects]] > 0} {
#     add_wave /
#     set_property needs_save false [current_wave_config]
#   } else {
#      send_msg_id Add_Wave-1 WARNING "No top level signals found. Simulator will start without a wave window. If you want to open a wave window go to 'File->New Waveform Configuration' or type 'create_wave_config' in the TCL console."
#   }
# }
# run 1000ns
===================================================
Time:           0, CLK = 0, PC = 0x00000000
[$s0] = 0x00000000, [$s1] = 0x00000000, [$s2] = 0x00000000
[$s3] = 0x00000000, [$s4] = 0x00000000, [$s5] = 0x00000000
[$s6] = 0x00000000, [$s7] = 0x00000000, [$t0] = 0x00000000
[$t1] = 0x00000000, [$t2] = 0x00000000, [$t3] = 0x00000000
[$t4] = 0x00000000, [$t5] = 0x00000000, [$t6] = 0x00000000
[$t7] = 0x00000000, [$t8] = 0x00000000, [$t9] = 0x00000000
 
===================================================
Time:          10, CLK = 1, PC = 0x00000004
[$s0] = 0x00000000, [$s1] = 0x00000000, [$s2] = 0x00000000
[$s3] = 0x00000000, [$s4] = 0x00000000, [$s5] = 0x00000000
[$s6] = 0x00000000, [$s7] = 0x00000000, [$t0] = 0x00000020
[$t1] = 0x00000000, [$t2] = 0x00000000, [$t3] = 0x00000000
[$t4] = 0x00000000, [$t5] = 0x00000000, [$t6] = 0x00000000
[$t7] = 0x00000000, [$t8] = 0x00000000, [$t9] = 0x00000000
 
===================================================
Time:          20, CLK = 0, PC = 0x00000004
[$s0] = 0x00000000, [$s1] = 0x00000000, [$s2] = 0x00000000
[$s3] = 0x00000000, [$s4] = 0x00000000, [$s5] = 0x00000000
[$s6] = 0x00000000, [$s7] = 0x00000000, [$t0] = 0x00000020
[$t1] = 0x00000000, [$t2] = 0x00000000, [$t3] = 0x00000000
[$t4] = 0x00000000, [$t5] = 0x00000000, [$t6] = 0x00000000
[$t7] = 0x00000000, [$t8] = 0x00000000, [$t9] = 0x00000000
 
===================================================
Time:          30, CLK = 1, PC = 0x00000008
[$s0] = 0x00000000, [$s1] = 0x00000000, [$s2] = 0x00000000
[$s3] = 0x00000000, [$s4] = 0x00000000, [$s5] = 0x00000000
[$s6] = 0x00000000, [$s7] = 0x00000000, [$t0] = 0x00000020
[$t1] = 0x00000037, [$t2] = 0x00000000, [$t3] = 0x00000000
[$t4] = 0x00000000, [$t5] = 0x00000000, [$t6] = 0x00000000
[$t7] = 0x00000000, [$t8] = 0x00000000, [$t9] = 0x00000000
 
===================================================
Time:          40, CLK = 0, PC = 0x00000008
[$s0] = 0x00000000, [$s1] = 0x00000000, [$s2] = 0x00000000
[$s3] = 0x00000000, [$s4] = 0x00000000, [$s5] = 0x00000000
[$s6] = 0x00000000, [$s7] = 0x00000000, [$t0] = 0x00000020
[$t1] = 0x00000037, [$t2] = 0x00000000, [$t3] = 0x00000000
[$t4] = 0x00000000, [$t5] = 0x00000000, [$t6] = 0x00000000
[$t7] = 0x00000000, [$t8] = 0x00000000, [$t9] = 0x00000000
 
===================================================
Time:          50, CLK = 1, PC = 0x0000000c
[$s0] = 0x00000020, [$s1] = 0x00000000, [$s2] = 0x00000000
[$s3] = 0x00000000, [$s4] = 0x00000000, [$s5] = 0x00000000
[$s6] = 0x00000000, [$s7] = 0x00000000, [$t0] = 0x00000020
[$t1] = 0x00000037, [$t2] = 0x00000000, [$t3] = 0x00000000
[$t4] = 0x00000000, [$t5] = 0x00000000, [$t6] = 0x00000000
[$t7] = 0x00000000, [$t8] = 0x00000000, [$t9] = 0x00000000
 
===================================================
Time:          60, CLK = 0, PC = 0x0000000c
[$s0] = 0x00000020, [$s1] = 0x00000000, [$s2] = 0x00000000
[$s3] = 0x00000000, [$s4] = 0x00000000, [$s5] = 0x00000000
[$s6] = 0x00000000, [$s7] = 0x00000000, [$t0] = 0x00000020
[$t1] = 0x00000037, [$t2] = 0x00000000, [$t3] = 0x00000000
[$t4] = 0x00000000, [$t5] = 0x00000000, [$t6] = 0x00000000
[$t7] = 0x00000000, [$t8] = 0x00000000, [$t9] = 0x00000000
 
===================================================
Time:          70, CLK = 1, PC = 0x00000010
[$s0] = 0x00000037, [$s1] = 0x00000000, [$s2] = 0x00000000
[$s3] = 0x00000000, [$s4] = 0x00000000, [$s5] = 0x00000000
[$s6] = 0x00000000, [$s7] = 0x00000000, [$t0] = 0x00000020
[$t1] = 0x00000037, [$t2] = 0x00000000, [$t3] = 0x00000000
[$t4] = 0x00000000, [$t5] = 0x00000000, [$t6] = 0x00000000
[$t7] = 0x00000000, [$t8] = 0x00000000, [$t9] = 0x00000000
 
===================================================
Time:          80, CLK = 0, PC = 0x00000010
[$s0] = 0x00000037, [$s1] = 0x00000000, [$s2] = 0x00000000
[$s3] = 0x00000000, [$s4] = 0x00000000, [$s5] = 0x00000000
[$s6] = 0x00000000, [$s7] = 0x00000000, [$t0] = 0x00000020
[$t1] = 0x00000037, [$t2] = 0x00000000, [$t3] = 0x00000000
[$t4] = 0x00000000, [$t5] = 0x00000000, [$t6] = 0x00000000
[$t7] = 0x00000000, [$t8] = 0x00000000, [$t9] = 0x00000000
 
===================================================
Time:          90, CLK = 1, PC = 0x00000014
[$s0] = 0x00000037, [$s1] = 0x00000000, [$s2] = 0x00000000
[$s3] = 0x00000000, [$s4] = 0x00000000, [$s5] = 0x00000000
[$s6] = 0x00000000, [$s7] = 0x00000000, [$t0] = 0x00000020
[$t1] = 0x00000037, [$t2] = 0x00000000, [$t3] = 0x00000000
[$t4] = 0x00000000, [$t5] = 0x00000000, [$t6] = 0x00000000
[$t7] = 0x00000000, [$t8] = 0x00000000, [$t9] = 0x00000000
 
===================================================
Time:         100, CLK = 0, PC = 0x00000014
[$s0] = 0x00000037, [$s1] = 0x00000000, [$s2] = 0x00000000
[$s3] = 0x00000000, [$s4] = 0x00000000, [$s5] = 0x00000000
[$s6] = 0x00000000, [$s7] = 0x00000000, [$t0] = 0x00000020
[$t1] = 0x00000037, [$t2] = 0x00000000, [$t3] = 0x00000000
[$t4] = 0x00000000, [$t5] = 0x00000000, [$t6] = 0x00000000
[$t7] = 0x00000000, [$t8] = 0x00000000, [$t9] = 0x00000000
 
===================================================
Time:         110, CLK = 1, PC = 0x00000018
[$s0] = 0x00000037, [$s1] = 0x00000037, [$s2] = 0x00000000
[$s3] = 0x00000000, [$s4] = 0x00000000, [$s5] = 0x00000000
[$s6] = 0x00000000, [$s7] = 0x00000000, [$t0] = 0x00000020
[$t1] = 0x00000037, [$t2] = 0x00000000, [$t3] = 0x00000000
[$t4] = 0x00000000, [$t5] = 0x00000000, [$t6] = 0x00000000
[$t7] = 0x00000000, [$t8] = 0x00000000, [$t9] = 0x00000000
 
===================================================
Time:         120, CLK = 0, PC = 0x00000018
[$s0] = 0x00000037, [$s1] = 0x00000037, [$s2] = 0x00000000
[$s3] = 0x00000000, [$s4] = 0x00000000, [$s5] = 0x00000000
[$s6] = 0x00000000, [$s7] = 0x00000000, [$t0] = 0x00000020
[$t1] = 0x00000037, [$t2] = 0x00000000, [$t3] = 0x00000000
[$t4] = 0x00000000, [$t5] = 0x00000000, [$t6] = 0x00000000
[$t7] = 0x00000000, [$t8] = 0x00000000, [$t9] = 0x00000000
 
===================================================
Time:         130, CLK = 1, PC = 0x0000001c
[$s0] = 0x00000037, [$s1] = 0x00000037, [$s2] = 0x00000000
[$s3] = 0x00000000, [$s4] = 0x00000000, [$s5] = 0x00000000
[$s6] = 0x00000000, [$s7] = 0x00000000, [$t0] = 0x00000020
[$t1] = 0x00000037, [$t2] = 0x00000000, [$t3] = 0x00000057
[$t4] = 0x00000000, [$t5] = 0x00000000, [$t6] = 0x00000000
[$t7] = 0x00000000, [$t8] = 0x00000000, [$t9] = 0x00000000
 
===================================================
Time:         140, CLK = 0, PC = 0x0000001c
[$s0] = 0x00000037, [$s1] = 0x00000037, [$s2] = 0x00000000
[$s3] = 0x00000000, [$s4] = 0x00000000, [$s5] = 0x00000000
[$s6] = 0x00000000, [$s7] = 0x00000000, [$t0] = 0x00000020
[$t1] = 0x00000037, [$t2] = 0x00000000, [$t3] = 0x00000057
[$t4] = 0x00000000, [$t5] = 0x00000000, [$t6] = 0x00000000
[$t7] = 0x00000000, [$t8] = 0x00000000, [$t9] = 0x00000000
 
===================================================
Time:         150, CLK = 1, PC = 0x00000020
[$s0] = 0x00000037, [$s1] = 0x00000037, [$s2] = 0x00000000
[$s3] = 0x00000000, [$s4] = 0x00000000, [$s5] = 0x00000000
[$s6] = 0x00000000, [$s7] = 0x00000000, [$t0] = 0x00000020
[$t1] = 0x00000037, [$t2] = 0x00000000, [$t3] = 0x00000017
[$t4] = 0x00000000, [$t5] = 0x00000000, [$t6] = 0x00000000
[$t7] = 0x00000000, [$t8] = 0x00000000, [$t9] = 0x00000000
 
===================================================
Time:         160, CLK = 0, PC = 0x00000020
[$s0] = 0x00000037, [$s1] = 0x00000037, [$s2] = 0x00000000
[$s3] = 0x00000000, [$s4] = 0x00000000, [$s5] = 0x00000000
[$s6] = 0x00000000, [$s7] = 0x00000000, [$t0] = 0x00000020
[$t1] = 0x00000037, [$t2] = 0x00000000, [$t3] = 0x00000017
[$t4] = 0x00000000, [$t5] = 0x00000000, [$t6] = 0x00000000
[$t7] = 0x00000000, [$t8] = 0x00000000, [$t9] = 0x00000000
 
===================================================
Time:         170, CLK = 1, PC = 0x00000024
[$s0] = 0x00000037, [$s1] = 0x00000037, [$s2] = 0x00000000
[$s3] = 0x00000000, [$s4] = 0x00000000, [$s5] = 0x00000000
[$s6] = 0x00000000, [$s7] = 0x00000000, [$t0] = 0x00000020
[$t1] = 0x00000037, [$t2] = 0x00000000, [$t3] = 0x00000020
[$t4] = 0x00000000, [$t5] = 0x00000000, [$t6] = 0x00000000
[$t7] = 0x00000000, [$t8] = 0x00000000, [$t9] = 0x00000000
 
===================================================
Time:         180, CLK = 0, PC = 0x00000024
[$s0] = 0x00000037, [$s1] = 0x00000037, [$s2] = 0x00000000
[$s3] = 0x00000000, [$s4] = 0x00000000, [$s5] = 0x00000000
[$s6] = 0x00000000, [$s7] = 0x00000000, [$t0] = 0x00000020
[$t1] = 0x00000037, [$t2] = 0x00000000, [$t3] = 0x00000020
[$t4] = 0x00000000, [$t5] = 0x00000000, [$t6] = 0x00000000
[$t7] = 0x00000000, [$t8] = 0x00000000, [$t9] = 0x00000000
 
===================================================
Time:         190, CLK = 1, PC = 0x00000028
[$s0] = 0x00000037, [$s1] = 0x00000037, [$s2] = 0x00000000
[$s3] = 0x00000000, [$s4] = 0x00000000, [$s5] = 0x00000000
[$s6] = 0x00000000, [$s7] = 0x00000000, [$t0] = 0x00000020
[$t1] = 0x00000037, [$t2] = 0x00000000, [$t3] = 0x00000001
[$t4] = 0x00000000, [$t5] = 0x00000000, [$t6] = 0x00000000
[$t7] = 0x00000000, [$t8] = 0x00000000, [$t9] = 0x00000000
 
===================================================
Time:         200, CLK = 0, PC = 0x00000028
[$s0] = 0x00000037, [$s1] = 0x00000037, [$s2] = 0x00000000
[$s3] = 0x00000000, [$s4] = 0x00000000, [$s5] = 0x00000000
[$s6] = 0x00000000, [$s7] = 0x00000000, [$t0] = 0x00000020
[$t1] = 0x00000037, [$t2] = 0x00000000, [$t3] = 0x00000001
[$t4] = 0x00000000, [$t5] = 0x00000000, [$t6] = 0x00000000
[$t7] = 0x00000000, [$t8] = 0x00000000, [$t9] = 0x00000000
 
===================================================
Time:         210, CLK = 1, PC = 0x00000030
[$s0] = 0x00000037, [$s1] = 0x00000037, [$s2] = 0x00000000
[$s3] = 0x00000000, [$s4] = 0x00000000, [$s5] = 0x00000000
[$s6] = 0x00000000, [$s7] = 0x00000000, [$t0] = 0x00000020
[$t1] = 0x00000037, [$t2] = 0x00000000, [$t3] = 0x00000001
[$t4] = 0x00000000, [$t5] = 0x00000000, [$t6] = 0x00000000
[$t7] = 0x00000000, [$t8] = 0x00000000, [$t9] = 0x00000000
 
===================================================
Time:         220, CLK = 0, PC = 0x00000030
[$s0] = 0x00000037, [$s1] = 0x00000037, [$s2] = 0x00000000
[$s3] = 0x00000000, [$s4] = 0x00000000, [$s5] = 0x00000000
[$s6] = 0x00000000, [$s7] = 0x00000000, [$t0] = 0x00000020
[$t1] = 0x00000037, [$t2] = 0x00000000, [$t3] = 0x00000001
[$t4] = 0x00000000, [$t5] = 0x00000000, [$t6] = 0x00000000
[$t7] = 0x00000000, [$t8] = 0x00000000, [$t9] = 0x00000000
 
===================================================
Time:         230, CLK = 1, PC = 0x00000038
[$s0] = 0x00000037, [$s1] = 0x00000037, [$s2] = 0x00000000
[$s3] = 0x00000000, [$s4] = 0x00000000, [$s5] = 0x00000000
[$s6] = 0x00000000, [$s7] = 0x00000000, [$t0] = 0x00000020
[$t1] = 0x00000037, [$t2] = 0x00000000, [$t3] = 0x00000001
[$t4] = 0x00000000, [$t5] = 0x00000000, [$t6] = 0x00000000
[$t7] = 0x00000000, [$t8] = 0x00000000, [$t9] = 0x00000000
 
===================================================
Time:         240, CLK = 0, PC = 0x00000038
[$s0] = 0x00000037, [$s1] = 0x00000037, [$s2] = 0x00000000
[$s3] = 0x00000000, [$s4] = 0x00000000, [$s5] = 0x00000000
[$s6] = 0x00000000, [$s7] = 0x00000000, [$t0] = 0x00000020
[$t1] = 0x00000037, [$t2] = 0x00000000, [$t3] = 0x00000001
[$t4] = 0x00000000, [$t5] = 0x00000000, [$t6] = 0x00000000
[$t7] = 0x00000000, [$t8] = 0x00000000, [$t9] = 0x00000000
 
===================================================
Time:         250, CLK = 1, PC = 0x00000000
[$s0] = 0x00000037, [$s1] = 0x00000037, [$s2] = 0x00000000
[$s3] = 0x00000000, [$s4] = 0x00000000, [$s5] = 0x00000000
[$s6] = 0x00000000, [$s7] = 0x00000000, [$t0] = 0x00000020
[$t1] = 0x00000037, [$t2] = 0x00000000, [$t3] = 0x00000001
[$t4] = 0x00000000, [$t5] = 0x00000000, [$t6] = 0x00000000
[$t7] = 0x00000000, [$t8] = 0x00000000, [$t9] = 0x00000000
 
===================================================
Time:         260, CLK = 0, PC = 0x00000000
[$s0] = 0x00000037, [$s1] = 0x00000037, [$s2] = 0x00000000
[$s3] = 0x00000000, [$s4] = 0x00000000, [$s5] = 0x00000000
[$s6] = 0x00000000, [$s7] = 0x00000000, [$t0] = 0x00000020
[$t1] = 0x00000037, [$t2] = 0x00000000, [$t3] = 0x00000001
[$t4] = 0x00000000, [$t5] = 0x00000000, [$t6] = 0x00000000
[$t7] = 0x00000000, [$t8] = 0x00000000, [$t9] = 0x00000000
 
$stop called at time : 280 ns : File "D:/SJTU/2020-2021  FALL/p2_single/single/single.srcs/sim_1/new/test.v" Line 26
INFO: [USF-XSim-96] XSim completed. Design snapshot 'test_behav' loaded.
INFO: [USF-XSim-97] XSim simulation ran for 1000ns
launch_simulation: Time (s): cpu = 00:00:06 ; elapsed = 00:00:07 . Memory (MB): peak = 1025.734 ; gain = 0.000
close_sim
INFO: [Simtcl 6-16] Simulation closed
launch_simulation
Command: launch_simulation 
INFO: [Vivado 12-5682] Launching behavioral simulation in 'D:/SJTU/2020-2021  FALL/p2_single/single/single.sim/sim_1/behav/xsim'
INFO: [SIM-utils-51] Simulation object is 'sim_1'
INFO: [SIM-utils-54] Inspecting design source files for 'test' in fileset 'sim_1'...
INFO: [USF-XSim-97] Finding global include files...
INFO: [USF-XSim-98] Fetching design files from 'sim_1'...
INFO: [USF-XSim-2] XSim::Compile design
INFO: [USF-XSim-61] Executing 'COMPILE and ANALYZE' step in 'D:/SJTU/2020-2021  FALL/p2_single/single/single.sim/sim_1/behav/xsim'
"xvlog --incr --relax -prj test_vlog.prj"
INFO: [VRFC 10-2263] Analyzing Verilog file "D:/SJTU/2020-2021  FALL/p2_single/single/single.srcs/sources_1/new/ALU.v" into library xil_defaultlib
INFO: [VRFC 10-311] analyzing module ALU
INFO: [VRFC 10-2263] Analyzing Verilog file "D:/SJTU/2020-2021  FALL/p2_single/single/single.srcs/sources_1/new/ALUcontrol.v" into library xil_defaultlib
INFO: [VRFC 10-311] analyzing module ALUcontrol
INFO: [VRFC 10-2263] Analyzing Verilog file "D:/SJTU/2020-2021  FALL/p2_single/single/single.srcs/sources_1/new/Control.v" into library xil_defaultlib
INFO: [VRFC 10-311] analyzing module Control
INFO: [VRFC 10-2263] Analyzing Verilog file "D:/SJTU/2020-2021  FALL/p2_single/single/single.srcs/sources_1/new/DataMemory.v" into library xil_defaultlib
INFO: [VRFC 10-311] analyzing module DataMemory
INFO: [VRFC 10-2263] Analyzing Verilog file "D:/SJTU/2020-2021  FALL/p2_single/single/single.srcs/sources_1/new/InstructionMemory.v" into library xil_defaultlib
INFO: [VRFC 10-311] analyzing module InstructionMemory
INFO: [VRFC 10-2263] Analyzing Verilog file "D:/SJTU/2020-2021  FALL/p2_single/single/single.srcs/sources_1/new/MUX2_1.v" into library xil_defaultlib
INFO: [VRFC 10-311] analyzing module MUX2_1
INFO: [VRFC 10-2263] Analyzing Verilog file "D:/SJTU/2020-2021  FALL/p2_single/single/single.srcs/sources_1/new/PC.v" into library xil_defaultlib
INFO: [VRFC 10-311] analyzing module PC
INFO: [VRFC 10-2263] Analyzing Verilog file "D:/SJTU/2020-2021  FALL/p2_single/single/single.srcs/sources_1/new/Register.v" into library xil_defaultlib
INFO: [VRFC 10-311] analyzing module Register
INFO: [VRFC 10-2263] Analyzing Verilog file "D:/SJTU/2020-2021  FALL/p2_single/single/single.srcs/sources_1/new/SignExtend.v" into library xil_defaultlib
INFO: [VRFC 10-311] analyzing module SignExtend
INFO: [VRFC 10-2263] Analyzing Verilog file "D:/SJTU/2020-2021  FALL/p2_single/single/single.srcs/sources_1/new/singlecycle.v" into library xil_defaultlib
INFO: [VRFC 10-311] analyzing module singlecycle
INFO: [VRFC 10-2263] Analyzing Verilog file "D:/SJTU/2020-2021  FALL/p2_single/single/single.srcs/sim_1/new/test.v" into library xil_defaultlib
INFO: [VRFC 10-311] analyzing module test
INFO: [USF-XSim-69] 'compile' step finished in '2' seconds
INFO: [USF-XSim-3] XSim::Elaborate design
INFO: [USF-XSim-61] Executing 'ELABORATE' step in 'D:/SJTU/2020-2021  FALL/p2_single/single/single.sim/sim_1/behav/xsim'
"xelab -wto 8c56f28c6ea54e9db4468a558dc35cac --incr --debug typical --relax --mt 2 -L xil_defaultlib -L unisims_ver -L unimacro_ver -L secureip --snapshot test_behav xil_defaultlib.test xil_defaultlib.glbl -log elaborate.log"
Vivado Simulator 2020.1
Copyright 1986-1999, 2001-2020 Xilinx, Inc. All Rights Reserved.
Running: E:/Xilinx/Vivado/2020.1/bin/unwrapped/win64.o/xelab.exe -wto 8c56f28c6ea54e9db4468a558dc35cac --incr --debug typical --relax --mt 2 -L xil_defaultlib -L unisims_ver -L unimacro_ver -L secureip --snapshot test_behav xil_defaultlib.test xil_defaultlib.glbl -log elaborate.log 
Using 2 slave threads.
Starting static elaboration
Pass Through NonSizing Optimizer
Completed static elaboration
Starting simulation data flow analysis
Completed simulation data flow analysis
Time Resolution for simulation is 1ps
Compiling module xil_defaultlib.PC
Compiling module xil_defaultlib.InstructionMemory
Compiling module xil_defaultlib.MUX2_1
Compiling module xil_defaultlib.Control
Compiling module xil_defaultlib.Register
Compiling module xil_defaultlib.SignExtend
Compiling module xil_defaultlib.ALUcontrol
Compiling module xil_defaultlib.ALU
Compiling module xil_defaultlib.DataMemory
Compiling module xil_defaultlib.singlecycle
Compiling module xil_defaultlib.test
Compiling module xil_defaultlib.glbl
Built simulation snapshot test_behav
INFO: [USF-XSim-69] 'elaborate' step finished in '3' seconds
INFO: [USF-XSim-4] XSim::Simulate design
INFO: [USF-XSim-61] Executing 'SIMULATE' step in 'D:/SJTU/2020-2021  FALL/p2_single/single/single.sim/sim_1/behav/xsim'
INFO: [USF-XSim-98] *** Running xsim
   with args "test_behav -key {Behavioral:sim_1:Functional:test} -tclbatch {test.tcl} -log {simulate.log}"
INFO: [USF-XSim-8] Loading simulator feature
Vivado Simulator 2020.1
Time resolution is 1 ps
source test.tcl
# set curr_wave [current_wave_config]
# if { [string length $curr_wave] == 0 } {
#   if { [llength [get_objects]] > 0} {
#     add_wave /
#     set_property needs_save false [current_wave_config]
#   } else {
#      send_msg_id Add_Wave-1 WARNING "No top level signals found. Simulator will start without a wave window. If you want to open a wave window go to 'File->New Waveform Configuration' or type 'create_wave_config' in the TCL console."
#   }
# }
# run 1000ns
========================================================
Time:           0, CLK = 0, PC = 0x00000000
[$s0] = 0x00000000, [$s1] = 0x00000000, [$s2] = 0x00000000
[$s3] = 0x00000000, [$s4] = 0x00000000, [$s5] = 0x00000000
[$s6] = 0x00000000, [$s7] = 0x00000000, [$t0] = 0x00000000
[$t1] = 0x00000000, [$t2] = 0x00000000, [$t3] = 0x00000000
[$t4] = 0x00000000, [$t5] = 0x00000000, [$t6] = 0x00000000
[$t7] = 0x00000000, [$t8] = 0x00000000, [$t9] = 0x00000000
 
========================================================
Time:          10, CLK = 1, PC = 0x00000004
[$s0] = 0x00000000, [$s1] = 0x00000000, [$s2] = 0x00000000
[$s3] = 0x00000000, [$s4] = 0x00000000, [$s5] = 0x00000000
[$s6] = 0x00000000, [$s7] = 0x00000000, [$t0] = 0x00000020
[$t1] = 0x00000000, [$t2] = 0x00000000, [$t3] = 0x00000000
[$t4] = 0x00000000, [$t5] = 0x00000000, [$t6] = 0x00000000
[$t7] = 0x00000000, [$t8] = 0x00000000, [$t9] = 0x00000000
 
========================================================
Time:          20, CLK = 0, PC = 0x00000004
[$s0] = 0x00000000, [$s1] = 0x00000000, [$s2] = 0x00000000
[$s3] = 0x00000000, [$s4] = 0x00000000, [$s5] = 0x00000000
[$s6] = 0x00000000, [$s7] = 0x00000000, [$t0] = 0x00000020
[$t1] = 0x00000000, [$t2] = 0x00000000, [$t3] = 0x00000000
[$t4] = 0x00000000, [$t5] = 0x00000000, [$t6] = 0x00000000
[$t7] = 0x00000000, [$t8] = 0x00000000, [$t9] = 0x00000000
 
========================================================
Time:          30, CLK = 1, PC = 0x00000008
[$s0] = 0x00000000, [$s1] = 0x00000000, [$s2] = 0x00000000
[$s3] = 0x00000000, [$s4] = 0x00000000, [$s5] = 0x00000000
[$s6] = 0x00000000, [$s7] = 0x00000000, [$t0] = 0x00000020
[$t1] = 0x00000037, [$t2] = 0x00000000, [$t3] = 0x00000000
[$t4] = 0x00000000, [$t5] = 0x00000000, [$t6] = 0x00000000
[$t7] = 0x00000000, [$t8] = 0x00000000, [$t9] = 0x00000000
 
========================================================
Time:          40, CLK = 0, PC = 0x00000008
[$s0] = 0x00000000, [$s1] = 0x00000000, [$s2] = 0x00000000
[$s3] = 0x00000000, [$s4] = 0x00000000, [$s5] = 0x00000000
[$s6] = 0x00000000, [$s7] = 0x00000000, [$t0] = 0x00000020
[$t1] = 0x00000037, [$t2] = 0x00000000, [$t3] = 0x00000000
[$t4] = 0x00000000, [$t5] = 0x00000000, [$t6] = 0x00000000
[$t7] = 0x00000000, [$t8] = 0x00000000, [$t9] = 0x00000000
 
========================================================
Time:          50, CLK = 1, PC = 0x0000000c
[$s0] = 0x00000020, [$s1] = 0x00000000, [$s2] = 0x00000000
[$s3] = 0x00000000, [$s4] = 0x00000000, [$s5] = 0x00000000
[$s6] = 0x00000000, [$s7] = 0x00000000, [$t0] = 0x00000020
[$t1] = 0x00000037, [$t2] = 0x00000000, [$t3] = 0x00000000
[$t4] = 0x00000000, [$t5] = 0x00000000, [$t6] = 0x00000000
[$t7] = 0x00000000, [$t8] = 0x00000000, [$t9] = 0x00000000
 
========================================================
Time:          60, CLK = 0, PC = 0x0000000c
[$s0] = 0x00000020, [$s1] = 0x00000000, [$s2] = 0x00000000
[$s3] = 0x00000000, [$s4] = 0x00000000, [$s5] = 0x00000000
[$s6] = 0x00000000, [$s7] = 0x00000000, [$t0] = 0x00000020
[$t1] = 0x00000037, [$t2] = 0x00000000, [$t3] = 0x00000000
[$t4] = 0x00000000, [$t5] = 0x00000000, [$t6] = 0x00000000
[$t7] = 0x00000000, [$t8] = 0x00000000, [$t9] = 0x00000000
 
========================================================
Time:          70, CLK = 1, PC = 0x00000010
[$s0] = 0x00000037, [$s1] = 0x00000000, [$s2] = 0x00000000
[$s3] = 0x00000000, [$s4] = 0x00000000, [$s5] = 0x00000000
[$s6] = 0x00000000, [$s7] = 0x00000000, [$t0] = 0x00000020
[$t1] = 0x00000037, [$t2] = 0x00000000, [$t3] = 0x00000000
[$t4] = 0x00000000, [$t5] = 0x00000000, [$t6] = 0x00000000
[$t7] = 0x00000000, [$t8] = 0x00000000, [$t9] = 0x00000000
 
========================================================
Time:          80, CLK = 0, PC = 0x00000010
[$s0] = 0x00000037, [$s1] = 0x00000000, [$s2] = 0x00000000
[$s3] = 0x00000000, [$s4] = 0x00000000, [$s5] = 0x00000000
[$s6] = 0x00000000, [$s7] = 0x00000000, [$t0] = 0x00000020
[$t1] = 0x00000037, [$t2] = 0x00000000, [$t3] = 0x00000000
[$t4] = 0x00000000, [$t5] = 0x00000000, [$t6] = 0x00000000
[$t7] = 0x00000000, [$t8] = 0x00000000, [$t9] = 0x00000000
 
========================================================
Time:          90, CLK = 1, PC = 0x00000014
[$s0] = 0x00000037, [$s1] = 0x00000000, [$s2] = 0x00000000
[$s3] = 0x00000000, [$s4] = 0x00000000, [$s5] = 0x00000000
[$s6] = 0x00000000, [$s7] = 0x00000000, [$t0] = 0x00000020
[$t1] = 0x00000037, [$t2] = 0x00000000, [$t3] = 0x00000000
[$t4] = 0x00000000, [$t5] = 0x00000000, [$t6] = 0x00000000
[$t7] = 0x00000000, [$t8] = 0x00000000, [$t9] = 0x00000000
 
========================================================
Time:         100, CLK = 0, PC = 0x00000014
[$s0] = 0x00000037, [$s1] = 0x00000000, [$s2] = 0x00000000
[$s3] = 0x00000000, [$s4] = 0x00000000, [$s5] = 0x00000000
[$s6] = 0x00000000, [$s7] = 0x00000000, [$t0] = 0x00000020
[$t1] = 0x00000037, [$t2] = 0x00000000, [$t3] = 0x00000000
[$t4] = 0x00000000, [$t5] = 0x00000000, [$t6] = 0x00000000
[$t7] = 0x00000000, [$t8] = 0x00000000, [$t9] = 0x00000000
 
========================================================
Time:         110, CLK = 1, PC = 0x00000018
[$s0] = 0x00000037, [$s1] = 0x00000037, [$s2] = 0x00000000
[$s3] = 0x00000000, [$s4] = 0x00000000, [$s5] = 0x00000000
[$s6] = 0x00000000, [$s7] = 0x00000000, [$t0] = 0x00000020
[$t1] = 0x00000037, [$t2] = 0x00000000, [$t3] = 0x00000000
[$t4] = 0x00000000, [$t5] = 0x00000000, [$t6] = 0x00000000
[$t7] = 0x00000000, [$t8] = 0x00000000, [$t9] = 0x00000000
 
========================================================
Time:         120, CLK = 0, PC = 0x00000018
[$s0] = 0x00000037, [$s1] = 0x00000037, [$s2] = 0x00000000
[$s3] = 0x00000000, [$s4] = 0x00000000, [$s5] = 0x00000000
[$s6] = 0x00000000, [$s7] = 0x00000000, [$t0] = 0x00000020
[$t1] = 0x00000037, [$t2] = 0x00000000, [$t3] = 0x00000000
[$t4] = 0x00000000, [$t5] = 0x00000000, [$t6] = 0x00000000
[$t7] = 0x00000000, [$t8] = 0x00000000, [$t9] = 0x00000000
 
========================================================
Time:         130, CLK = 1, PC = 0x0000001c
[$s0] = 0x00000037, [$s1] = 0x00000037, [$s2] = 0x00000000
[$s3] = 0x00000000, [$s4] = 0x00000000, [$s5] = 0x00000000
[$s6] = 0x00000000, [$s7] = 0x00000000, [$t0] = 0x00000020
[$t1] = 0x00000037, [$t2] = 0x00000000, [$t3] = 0x00000057
[$t4] = 0x00000000, [$t5] = 0x00000000, [$t6] = 0x00000000
[$t7] = 0x00000000, [$t8] = 0x00000000, [$t9] = 0x00000000
 
========================================================
Time:         140, CLK = 0, PC = 0x0000001c
[$s0] = 0x00000037, [$s1] = 0x00000037, [$s2] = 0x00000000
[$s3] = 0x00000000, [$s4] = 0x00000000, [$s5] = 0x00000000
[$s6] = 0x00000000, [$s7] = 0x00000000, [$t0] = 0x00000020
[$t1] = 0x00000037, [$t2] = 0x00000000, [$t3] = 0x00000057
[$t4] = 0x00000000, [$t5] = 0x00000000, [$t6] = 0x00000000
[$t7] = 0x00000000, [$t8] = 0x00000000, [$t9] = 0x00000000
 
========================================================
Time:         150, CLK = 1, PC = 0x00000020
[$s0] = 0x00000037, [$s1] = 0x00000037, [$s2] = 0x00000000
[$s3] = 0x00000000, [$s4] = 0x00000000, [$s5] = 0x00000000
[$s6] = 0x00000000, [$s7] = 0x00000000, [$t0] = 0x00000020
[$t1] = 0x00000037, [$t2] = 0x00000000, [$t3] = 0x00000017
[$t4] = 0x00000000, [$t5] = 0x00000000, [$t6] = 0x00000000
[$t7] = 0x00000000, [$t8] = 0x00000000, [$t9] = 0x00000000
 
========================================================
Time:         160, CLK = 0, PC = 0x00000020
[$s0] = 0x00000037, [$s1] = 0x00000037, [$s2] = 0x00000000
[$s3] = 0x00000000, [$s4] = 0x00000000, [$s5] = 0x00000000
[$s6] = 0x00000000, [$s7] = 0x00000000, [$t0] = 0x00000020
[$t1] = 0x00000037, [$t2] = 0x00000000, [$t3] = 0x00000017
[$t4] = 0x00000000, [$t5] = 0x00000000, [$t6] = 0x00000000
[$t7] = 0x00000000, [$t8] = 0x00000000, [$t9] = 0x00000000
 
========================================================
Time:         170, CLK = 1, PC = 0x00000024
[$s0] = 0x00000037, [$s1] = 0x00000037, [$s2] = 0x00000000
[$s3] = 0x00000000, [$s4] = 0x00000000, [$s5] = 0x00000000
[$s6] = 0x00000000, [$s7] = 0x00000000, [$t0] = 0x00000020
[$t1] = 0x00000037, [$t2] = 0x00000000, [$t3] = 0x00000020
[$t4] = 0x00000000, [$t5] = 0x00000000, [$t6] = 0x00000000
[$t7] = 0x00000000, [$t8] = 0x00000000, [$t9] = 0x00000000
 
========================================================
Time:         180, CLK = 0, PC = 0x00000024
[$s0] = 0x00000037, [$s1] = 0x00000037, [$s2] = 0x00000000
[$s3] = 0x00000000, [$s4] = 0x00000000, [$s5] = 0x00000000
[$s6] = 0x00000000, [$s7] = 0x00000000, [$t0] = 0x00000020
[$t1] = 0x00000037, [$t2] = 0x00000000, [$t3] = 0x00000020
[$t4] = 0x00000000, [$t5] = 0x00000000, [$t6] = 0x00000000
[$t7] = 0x00000000, [$t8] = 0x00000000, [$t9] = 0x00000000
 
========================================================
Time:         190, CLK = 1, PC = 0x00000028
[$s0] = 0x00000037, [$s1] = 0x00000037, [$s2] = 0x00000000
[$s3] = 0x00000000, [$s4] = 0x00000000, [$s5] = 0x00000000
[$s6] = 0x00000000, [$s7] = 0x00000000, [$t0] = 0x00000020
[$t1] = 0x00000037, [$t2] = 0x00000000, [$t3] = 0x00000001
[$t4] = 0x00000000, [$t5] = 0x00000000, [$t6] = 0x00000000
[$t7] = 0x00000000, [$t8] = 0x00000000, [$t9] = 0x00000000
 
========================================================
Time:         200, CLK = 0, PC = 0x00000028
[$s0] = 0x00000037, [$s1] = 0x00000037, [$s2] = 0x00000000
[$s3] = 0x00000000, [$s4] = 0x00000000, [$s5] = 0x00000000
[$s6] = 0x00000000, [$s7] = 0x00000000, [$t0] = 0x00000020
[$t1] = 0x00000037, [$t2] = 0x00000000, [$t3] = 0x00000001
[$t4] = 0x00000000, [$t5] = 0x00000000, [$t6] = 0x00000000
[$t7] = 0x00000000, [$t8] = 0x00000000, [$t9] = 0x00000000
 
========================================================
Time:         210, CLK = 1, PC = 0x00000030
[$s0] = 0x00000037, [$s1] = 0x00000037, [$s2] = 0x00000000
[$s3] = 0x00000000, [$s4] = 0x00000000, [$s5] = 0x00000000
[$s6] = 0x00000000, [$s7] = 0x00000000, [$t0] = 0x00000020
[$t1] = 0x00000037, [$t2] = 0x00000000, [$t3] = 0x00000001
[$t4] = 0x00000000, [$t5] = 0x00000000, [$t6] = 0x00000000
[$t7] = 0x00000000, [$t8] = 0x00000000, [$t9] = 0x00000000
 
========================================================
Time:         220, CLK = 0, PC = 0x00000030
[$s0] = 0x00000037, [$s1] = 0x00000037, [$s2] = 0x00000000
[$s3] = 0x00000000, [$s4] = 0x00000000, [$s5] = 0x00000000
[$s6] = 0x00000000, [$s7] = 0x00000000, [$t0] = 0x00000020
[$t1] = 0x00000037, [$t2] = 0x00000000, [$t3] = 0x00000001
[$t4] = 0x00000000, [$t5] = 0x00000000, [$t6] = 0x00000000
[$t7] = 0x00000000, [$t8] = 0x00000000, [$t9] = 0x00000000
 
========================================================
Time:         230, CLK = 1, PC = 0x00000038
[$s0] = 0x00000037, [$s1] = 0x00000037, [$s2] = 0x00000000
[$s3] = 0x00000000, [$s4] = 0x00000000, [$s5] = 0x00000000
[$s6] = 0x00000000, [$s7] = 0x00000000, [$t0] = 0x00000020
[$t1] = 0x00000037, [$t2] = 0x00000000, [$t3] = 0x00000001
[$t4] = 0x00000000, [$t5] = 0x00000000, [$t6] = 0x00000000
[$t7] = 0x00000000, [$t8] = 0x00000000, [$t9] = 0x00000000
 
========================================================
Time:         240, CLK = 0, PC = 0x00000038
[$s0] = 0x00000037, [$s1] = 0x00000037, [$s2] = 0x00000000
[$s3] = 0x00000000, [$s4] = 0x00000000, [$s5] = 0x00000000
[$s6] = 0x00000000, [$s7] = 0x00000000, [$t0] = 0x00000020
[$t1] = 0x00000037, [$t2] = 0x00000000, [$t3] = 0x00000001
[$t4] = 0x00000000, [$t5] = 0x00000000, [$t6] = 0x00000000
[$t7] = 0x00000000, [$t8] = 0x00000000, [$t9] = 0x00000000
 
========================================================
Time:         250, CLK = 1, PC = 0x00000000
[$s0] = 0x00000037, [$s1] = 0x00000037, [$s2] = 0x00000000
[$s3] = 0x00000000, [$s4] = 0x00000000, [$s5] = 0x00000000
[$s6] = 0x00000000, [$s7] = 0x00000000, [$t0] = 0x00000020
[$t1] = 0x00000037, [$t2] = 0x00000000, [$t3] = 0x00000001
[$t4] = 0x00000000, [$t5] = 0x00000000, [$t6] = 0x00000000
[$t7] = 0x00000000, [$t8] = 0x00000000, [$t9] = 0x00000000
 
========================================================
Time:         260, CLK = 0, PC = 0x00000000
[$s0] = 0x00000037, [$s1] = 0x00000037, [$s2] = 0x00000000
[$s3] = 0x00000000, [$s4] = 0x00000000, [$s5] = 0x00000000
[$s6] = 0x00000000, [$s7] = 0x00000000, [$t0] = 0x00000020
[$t1] = 0x00000037, [$t2] = 0x00000000, [$t3] = 0x00000001
[$t4] = 0x00000000, [$t5] = 0x00000000, [$t6] = 0x00000000
[$t7] = 0x00000000, [$t8] = 0x00000000, [$t9] = 0x00000000
 
$stop called at time : 280 ns : File "D:/SJTU/2020-2021  FALL/p2_single/single/single.srcs/sim_1/new/test.v" Line 26
INFO: [USF-XSim-96] XSim completed. Design snapshot 'test_behav' loaded.
INFO: [USF-XSim-97] XSim simulation ran for 1000ns
launch_simulation: Time (s): cpu = 00:00:04 ; elapsed = 00:00:07 . Memory (MB): peak = 1025.734 ; gain = 0.000
close_sim
INFO: [Simtcl 6-16] Simulation closed
launch_simulation
Command: launch_simulation 
INFO: [Vivado 12-5682] Launching behavioral simulation in 'D:/SJTU/2020-2021  FALL/p2_single/single/single.sim/sim_1/behav/xsim'
INFO: [SIM-utils-51] Simulation object is 'sim_1'
INFO: [SIM-utils-54] Inspecting design source files for 'test' in fileset 'sim_1'...
INFO: [USF-XSim-97] Finding global include files...
INFO: [USF-XSim-98] Fetching design files from 'sim_1'...
INFO: [USF-XSim-2] XSim::Compile design
INFO: [USF-XSim-61] Executing 'COMPILE and ANALYZE' step in 'D:/SJTU/2020-2021  FALL/p2_single/single/single.sim/sim_1/behav/xsim'
"xvlog --incr --relax -prj test_vlog.prj"
INFO: [VRFC 10-2263] Analyzing Verilog file "D:/SJTU/2020-2021  FALL/p2_single/single/single.srcs/sources_1/new/ALU.v" into library xil_defaultlib
INFO: [VRFC 10-311] analyzing module ALU
INFO: [VRFC 10-2263] Analyzing Verilog file "D:/SJTU/2020-2021  FALL/p2_single/single/single.srcs/sources_1/new/ALUcontrol.v" into library xil_defaultlib
INFO: [VRFC 10-311] analyzing module ALUcontrol
INFO: [VRFC 10-2263] Analyzing Verilog file "D:/SJTU/2020-2021  FALL/p2_single/single/single.srcs/sources_1/new/Control.v" into library xil_defaultlib
INFO: [VRFC 10-311] analyzing module Control
INFO: [VRFC 10-2263] Analyzing Verilog file "D:/SJTU/2020-2021  FALL/p2_single/single/single.srcs/sources_1/new/DataMemory.v" into library xil_defaultlib
INFO: [VRFC 10-311] analyzing module DataMemory
INFO: [VRFC 10-2263] Analyzing Verilog file "D:/SJTU/2020-2021  FALL/p2_single/single/single.srcs/sources_1/new/InstructionMemory.v" into library xil_defaultlib
INFO: [VRFC 10-311] analyzing module InstructionMemory
INFO: [VRFC 10-2263] Analyzing Verilog file "D:/SJTU/2020-2021  FALL/p2_single/single/single.srcs/sources_1/new/MUX2_1.v" into library xil_defaultlib
INFO: [VRFC 10-311] analyzing module MUX2_1
INFO: [VRFC 10-2263] Analyzing Verilog file "D:/SJTU/2020-2021  FALL/p2_single/single/single.srcs/sources_1/new/PC.v" into library xil_defaultlib
INFO: [VRFC 10-311] analyzing module PC
INFO: [VRFC 10-2263] Analyzing Verilog file "D:/SJTU/2020-2021  FALL/p2_single/single/single.srcs/sources_1/new/Register.v" into library xil_defaultlib
INFO: [VRFC 10-311] analyzing module Register
INFO: [VRFC 10-2263] Analyzing Verilog file "D:/SJTU/2020-2021  FALL/p2_single/single/single.srcs/sources_1/new/SignExtend.v" into library xil_defaultlib
INFO: [VRFC 10-311] analyzing module SignExtend
INFO: [VRFC 10-2263] Analyzing Verilog file "D:/SJTU/2020-2021  FALL/p2_single/single/single.srcs/sources_1/new/singlecycle.v" into library xil_defaultlib
INFO: [VRFC 10-311] analyzing module singlecycle
INFO: [VRFC 10-2263] Analyzing Verilog file "D:/SJTU/2020-2021  FALL/p2_single/single/single.srcs/sim_1/new/test.v" into library xil_defaultlib
INFO: [VRFC 10-311] analyzing module test
INFO: [USF-XSim-69] 'compile' step finished in '2' seconds
INFO: [USF-XSim-3] XSim::Elaborate design
INFO: [USF-XSim-61] Executing 'ELABORATE' step in 'D:/SJTU/2020-2021  FALL/p2_single/single/single.sim/sim_1/behav/xsim'
"xelab -wto 8c56f28c6ea54e9db4468a558dc35cac --incr --debug typical --relax --mt 2 -L xil_defaultlib -L unisims_ver -L unimacro_ver -L secureip --snapshot test_behav xil_defaultlib.test xil_defaultlib.glbl -log elaborate.log"
Vivado Simulator 2020.1
Copyright 1986-1999, 2001-2020 Xilinx, Inc. All Rights Reserved.
Running: E:/Xilinx/Vivado/2020.1/bin/unwrapped/win64.o/xelab.exe -wto 8c56f28c6ea54e9db4468a558dc35cac --incr --debug typical --relax --mt 2 -L xil_defaultlib -L unisims_ver -L unimacro_ver -L secureip --snapshot test_behav xil_defaultlib.test xil_defaultlib.glbl -log elaborate.log 
Using 2 slave threads.
Starting static elaboration
Pass Through NonSizing Optimizer
Completed static elaboration
Starting simulation data flow analysis
Completed simulation data flow analysis
Time Resolution for simulation is 1ps
Compiling module xil_defaultlib.PC
Compiling module xil_defaultlib.InstructionMemory
Compiling module xil_defaultlib.MUX2_1
Compiling module xil_defaultlib.Control
Compiling module xil_defaultlib.Register
Compiling module xil_defaultlib.SignExtend
Compiling module xil_defaultlib.ALUcontrol
Compiling module xil_defaultlib.ALU
Compiling module xil_defaultlib.DataMemory
Compiling module xil_defaultlib.singlecycle
Compiling module xil_defaultlib.test
Compiling module xil_defaultlib.glbl
Built simulation snapshot test_behav
INFO: [USF-XSim-69] 'elaborate' step finished in '2' seconds
INFO: [USF-XSim-4] XSim::Simulate design
INFO: [USF-XSim-61] Executing 'SIMULATE' step in 'D:/SJTU/2020-2021  FALL/p2_single/single/single.sim/sim_1/behav/xsim'
INFO: [USF-XSim-98] *** Running xsim
   with args "test_behav -key {Behavioral:sim_1:Functional:test} -tclbatch {test.tcl} -log {simulate.log}"
INFO: [USF-XSim-8] Loading simulator feature
Vivado Simulator 2020.1
Time resolution is 1 ps
source test.tcl
# set curr_wave [current_wave_config]
# if { [string length $curr_wave] == 0 } {
#   if { [llength [get_objects]] > 0} {
#     add_wave /
#     set_property needs_save false [current_wave_config]
#   } else {
#      send_msg_id Add_Wave-1 WARNING "No top level signals found. Simulator will start without a wave window. If you want to open a wave window go to 'File->New Waveform Configuration' or type 'create_wave_config' in the TCL console."
#   }
# }
# run 1000ns
==========================================================
Time:           0, CLK = 0, PC = 0x00000000
[$s0] = 0x00000000, [$s1] = 0x00000000, [$s2] = 0x00000000
[$s3] = 0x00000000, [$s4] = 0x00000000, [$s5] = 0x00000000
[$s6] = 0x00000000, [$s7] = 0x00000000, [$t0] = 0x00000000
[$t1] = 0x00000000, [$t2] = 0x00000000, [$t3] = 0x00000000
[$t4] = 0x00000000, [$t5] = 0x00000000, [$t6] = 0x00000000
[$t7] = 0x00000000, [$t8] = 0x00000000, [$t9] = 0x00000000
==========================================================
Time:          10, CLK = 1, PC = 0x00000004
[$s0] = 0x00000000, [$s1] = 0x00000000, [$s2] = 0x00000000
[$s3] = 0x00000000, [$s4] = 0x00000000, [$s5] = 0x00000000
[$s6] = 0x00000000, [$s7] = 0x00000000, [$t0] = 0x00000020
[$t1] = 0x00000000, [$t2] = 0x00000000, [$t3] = 0x00000000
[$t4] = 0x00000000, [$t5] = 0x00000000, [$t6] = 0x00000000
[$t7] = 0x00000000, [$t8] = 0x00000000, [$t9] = 0x00000000
==========================================================
Time:          20, CLK = 0, PC = 0x00000004
[$s0] = 0x00000000, [$s1] = 0x00000000, [$s2] = 0x00000000
[$s3] = 0x00000000, [$s4] = 0x00000000, [$s5] = 0x00000000
[$s6] = 0x00000000, [$s7] = 0x00000000, [$t0] = 0x00000020
[$t1] = 0x00000000, [$t2] = 0x00000000, [$t3] = 0x00000000
[$t4] = 0x00000000, [$t5] = 0x00000000, [$t6] = 0x00000000
[$t7] = 0x00000000, [$t8] = 0x00000000, [$t9] = 0x00000000
==========================================================
Time:          30, CLK = 1, PC = 0x00000008
[$s0] = 0x00000000, [$s1] = 0x00000000, [$s2] = 0x00000000
[$s3] = 0x00000000, [$s4] = 0x00000000, [$s5] = 0x00000000
[$s6] = 0x00000000, [$s7] = 0x00000000, [$t0] = 0x00000020
[$t1] = 0x00000037, [$t2] = 0x00000000, [$t3] = 0x00000000
[$t4] = 0x00000000, [$t5] = 0x00000000, [$t6] = 0x00000000
[$t7] = 0x00000000, [$t8] = 0x00000000, [$t9] = 0x00000000
==========================================================
Time:          40, CLK = 0, PC = 0x00000008
[$s0] = 0x00000000, [$s1] = 0x00000000, [$s2] = 0x00000000
[$s3] = 0x00000000, [$s4] = 0x00000000, [$s5] = 0x00000000
[$s6] = 0x00000000, [$s7] = 0x00000000, [$t0] = 0x00000020
[$t1] = 0x00000037, [$t2] = 0x00000000, [$t3] = 0x00000000
[$t4] = 0x00000000, [$t5] = 0x00000000, [$t6] = 0x00000000
[$t7] = 0x00000000, [$t8] = 0x00000000, [$t9] = 0x00000000
==========================================================
Time:          50, CLK = 1, PC = 0x0000000c
[$s0] = 0x00000020, [$s1] = 0x00000000, [$s2] = 0x00000000
[$s3] = 0x00000000, [$s4] = 0x00000000, [$s5] = 0x00000000
[$s6] = 0x00000000, [$s7] = 0x00000000, [$t0] = 0x00000020
[$t1] = 0x00000037, [$t2] = 0x00000000, [$t3] = 0x00000000
[$t4] = 0x00000000, [$t5] = 0x00000000, [$t6] = 0x00000000
[$t7] = 0x00000000, [$t8] = 0x00000000, [$t9] = 0x00000000
==========================================================
Time:          60, CLK = 0, PC = 0x0000000c
[$s0] = 0x00000020, [$s1] = 0x00000000, [$s2] = 0x00000000
[$s3] = 0x00000000, [$s4] = 0x00000000, [$s5] = 0x00000000
[$s6] = 0x00000000, [$s7] = 0x00000000, [$t0] = 0x00000020
[$t1] = 0x00000037, [$t2] = 0x00000000, [$t3] = 0x00000000
[$t4] = 0x00000000, [$t5] = 0x00000000, [$t6] = 0x00000000
[$t7] = 0x00000000, [$t8] = 0x00000000, [$t9] = 0x00000000
==========================================================
Time:          70, CLK = 1, PC = 0x00000010
[$s0] = 0x00000037, [$s1] = 0x00000000, [$s2] = 0x00000000
[$s3] = 0x00000000, [$s4] = 0x00000000, [$s5] = 0x00000000
[$s6] = 0x00000000, [$s7] = 0x00000000, [$t0] = 0x00000020
[$t1] = 0x00000037, [$t2] = 0x00000000, [$t3] = 0x00000000
[$t4] = 0x00000000, [$t5] = 0x00000000, [$t6] = 0x00000000
[$t7] = 0x00000000, [$t8] = 0x00000000, [$t9] = 0x00000000
==========================================================
Time:          80, CLK = 0, PC = 0x00000010
[$s0] = 0x00000037, [$s1] = 0x00000000, [$s2] = 0x00000000
[$s3] = 0x00000000, [$s4] = 0x00000000, [$s5] = 0x00000000
[$s6] = 0x00000000, [$s7] = 0x00000000, [$t0] = 0x00000020
[$t1] = 0x00000037, [$t2] = 0x00000000, [$t3] = 0x00000000
[$t4] = 0x00000000, [$t5] = 0x00000000, [$t6] = 0x00000000
[$t7] = 0x00000000, [$t8] = 0x00000000, [$t9] = 0x00000000
==========================================================
Time:          90, CLK = 1, PC = 0x00000014
[$s0] = 0x00000037, [$s1] = 0x00000000, [$s2] = 0x00000000
[$s3] = 0x00000000, [$s4] = 0x00000000, [$s5] = 0x00000000
[$s6] = 0x00000000, [$s7] = 0x00000000, [$t0] = 0x00000020
[$t1] = 0x00000037, [$t2] = 0x00000000, [$t3] = 0x00000000
[$t4] = 0x00000000, [$t5] = 0x00000000, [$t6] = 0x00000000
[$t7] = 0x00000000, [$t8] = 0x00000000, [$t9] = 0x00000000
==========================================================
Time:         100, CLK = 0, PC = 0x00000014
[$s0] = 0x00000037, [$s1] = 0x00000000, [$s2] = 0x00000000
[$s3] = 0x00000000, [$s4] = 0x00000000, [$s5] = 0x00000000
[$s6] = 0x00000000, [$s7] = 0x00000000, [$t0] = 0x00000020
[$t1] = 0x00000037, [$t2] = 0x00000000, [$t3] = 0x00000000
[$t4] = 0x00000000, [$t5] = 0x00000000, [$t6] = 0x00000000
[$t7] = 0x00000000, [$t8] = 0x00000000, [$t9] = 0x00000000
==========================================================
Time:         110, CLK = 1, PC = 0x00000018
[$s0] = 0x00000037, [$s1] = 0x00000037, [$s2] = 0x00000000
[$s3] = 0x00000000, [$s4] = 0x00000000, [$s5] = 0x00000000
[$s6] = 0x00000000, [$s7] = 0x00000000, [$t0] = 0x00000020
[$t1] = 0x00000037, [$t2] = 0x00000000, [$t3] = 0x00000000
[$t4] = 0x00000000, [$t5] = 0x00000000, [$t6] = 0x00000000
[$t7] = 0x00000000, [$t8] = 0x00000000, [$t9] = 0x00000000
==========================================================
Time:         120, CLK = 0, PC = 0x00000018
[$s0] = 0x00000037, [$s1] = 0x00000037, [$s2] = 0x00000000
[$s3] = 0x00000000, [$s4] = 0x00000000, [$s5] = 0x00000000
[$s6] = 0x00000000, [$s7] = 0x00000000, [$t0] = 0x00000020
[$t1] = 0x00000037, [$t2] = 0x00000000, [$t3] = 0x00000000
[$t4] = 0x00000000, [$t5] = 0x00000000, [$t6] = 0x00000000
[$t7] = 0x00000000, [$t8] = 0x00000000, [$t9] = 0x00000000
==========================================================
Time:         130, CLK = 1, PC = 0x0000001c
[$s0] = 0x00000037, [$s1] = 0x00000037, [$s2] = 0x00000000
[$s3] = 0x00000000, [$s4] = 0x00000000, [$s5] = 0x00000000
[$s6] = 0x00000000, [$s7] = 0x00000000, [$t0] = 0x00000020
[$t1] = 0x00000037, [$t2] = 0x00000000, [$t3] = 0x00000057
[$t4] = 0x00000000, [$t5] = 0x00000000, [$t6] = 0x00000000
[$t7] = 0x00000000, [$t8] = 0x00000000, [$t9] = 0x00000000
==========================================================
Time:         140, CLK = 0, PC = 0x0000001c
[$s0] = 0x00000037, [$s1] = 0x00000037, [$s2] = 0x00000000
[$s3] = 0x00000000, [$s4] = 0x00000000, [$s5] = 0x00000000
[$s6] = 0x00000000, [$s7] = 0x00000000, [$t0] = 0x00000020
[$t1] = 0x00000037, [$t2] = 0x00000000, [$t3] = 0x00000057
[$t4] = 0x00000000, [$t5] = 0x00000000, [$t6] = 0x00000000
[$t7] = 0x00000000, [$t8] = 0x00000000, [$t9] = 0x00000000
==========================================================
Time:         150, CLK = 1, PC = 0x00000020
[$s0] = 0x00000037, [$s1] = 0x00000037, [$s2] = 0x00000000
[$s3] = 0x00000000, [$s4] = 0x00000000, [$s5] = 0x00000000
[$s6] = 0x00000000, [$s7] = 0x00000000, [$t0] = 0x00000020
[$t1] = 0x00000037, [$t2] = 0x00000000, [$t3] = 0x00000017
[$t4] = 0x00000000, [$t5] = 0x00000000, [$t6] = 0x00000000
[$t7] = 0x00000000, [$t8] = 0x00000000, [$t9] = 0x00000000
==========================================================
Time:         160, CLK = 0, PC = 0x00000020
[$s0] = 0x00000037, [$s1] = 0x00000037, [$s2] = 0x00000000
[$s3] = 0x00000000, [$s4] = 0x00000000, [$s5] = 0x00000000
[$s6] = 0x00000000, [$s7] = 0x00000000, [$t0] = 0x00000020
[$t1] = 0x00000037, [$t2] = 0x00000000, [$t3] = 0x00000017
[$t4] = 0x00000000, [$t5] = 0x00000000, [$t6] = 0x00000000
[$t7] = 0x00000000, [$t8] = 0x00000000, [$t9] = 0x00000000
==========================================================
Time:         170, CLK = 1, PC = 0x00000024
[$s0] = 0x00000037, [$s1] = 0x00000037, [$s2] = 0x00000000
[$s3] = 0x00000000, [$s4] = 0x00000000, [$s5] = 0x00000000
[$s6] = 0x00000000, [$s7] = 0x00000000, [$t0] = 0x00000020
[$t1] = 0x00000037, [$t2] = 0x00000000, [$t3] = 0x00000020
[$t4] = 0x00000000, [$t5] = 0x00000000, [$t6] = 0x00000000
[$t7] = 0x00000000, [$t8] = 0x00000000, [$t9] = 0x00000000
==========================================================
Time:         180, CLK = 0, PC = 0x00000024
[$s0] = 0x00000037, [$s1] = 0x00000037, [$s2] = 0x00000000
[$s3] = 0x00000000, [$s4] = 0x00000000, [$s5] = 0x00000000
[$s6] = 0x00000000, [$s7] = 0x00000000, [$t0] = 0x00000020
[$t1] = 0x00000037, [$t2] = 0x00000000, [$t3] = 0x00000020
[$t4] = 0x00000000, [$t5] = 0x00000000, [$t6] = 0x00000000
[$t7] = 0x00000000, [$t8] = 0x00000000, [$t9] = 0x00000000
==========================================================
Time:         190, CLK = 1, PC = 0x00000028
[$s0] = 0x00000037, [$s1] = 0x00000037, [$s2] = 0x00000000
[$s3] = 0x00000000, [$s4] = 0x00000000, [$s5] = 0x00000000
[$s6] = 0x00000000, [$s7] = 0x00000000, [$t0] = 0x00000020
[$t1] = 0x00000037, [$t2] = 0x00000000, [$t3] = 0x00000001
[$t4] = 0x00000000, [$t5] = 0x00000000, [$t6] = 0x00000000
[$t7] = 0x00000000, [$t8] = 0x00000000, [$t9] = 0x00000000
==========================================================
Time:         200, CLK = 0, PC = 0x00000028
[$s0] = 0x00000037, [$s1] = 0x00000037, [$s2] = 0x00000000
[$s3] = 0x00000000, [$s4] = 0x00000000, [$s5] = 0x00000000
[$s6] = 0x00000000, [$s7] = 0x00000000, [$t0] = 0x00000020
[$t1] = 0x00000037, [$t2] = 0x00000000, [$t3] = 0x00000001
[$t4] = 0x00000000, [$t5] = 0x00000000, [$t6] = 0x00000000
[$t7] = 0x00000000, [$t8] = 0x00000000, [$t9] = 0x00000000
==========================================================
Time:         210, CLK = 1, PC = 0x00000030
[$s0] = 0x00000037, [$s1] = 0x00000037, [$s2] = 0x00000000
[$s3] = 0x00000000, [$s4] = 0x00000000, [$s5] = 0x00000000
[$s6] = 0x00000000, [$s7] = 0x00000000, [$t0] = 0x00000020
[$t1] = 0x00000037, [$t2] = 0x00000000, [$t3] = 0x00000001
[$t4] = 0x00000000, [$t5] = 0x00000000, [$t6] = 0x00000000
[$t7] = 0x00000000, [$t8] = 0x00000000, [$t9] = 0x00000000
==========================================================
Time:         220, CLK = 0, PC = 0x00000030
[$s0] = 0x00000037, [$s1] = 0x00000037, [$s2] = 0x00000000
[$s3] = 0x00000000, [$s4] = 0x00000000, [$s5] = 0x00000000
[$s6] = 0x00000000, [$s7] = 0x00000000, [$t0] = 0x00000020
[$t1] = 0x00000037, [$t2] = 0x00000000, [$t3] = 0x00000001
[$t4] = 0x00000000, [$t5] = 0x00000000, [$t6] = 0x00000000
[$t7] = 0x00000000, [$t8] = 0x00000000, [$t9] = 0x00000000
==========================================================
Time:         230, CLK = 1, PC = 0x00000038
[$s0] = 0x00000037, [$s1] = 0x00000037, [$s2] = 0x00000000
[$s3] = 0x00000000, [$s4] = 0x00000000, [$s5] = 0x00000000
[$s6] = 0x00000000, [$s7] = 0x00000000, [$t0] = 0x00000020
[$t1] = 0x00000037, [$t2] = 0x00000000, [$t3] = 0x00000001
[$t4] = 0x00000000, [$t5] = 0x00000000, [$t6] = 0x00000000
[$t7] = 0x00000000, [$t8] = 0x00000000, [$t9] = 0x00000000
==========================================================
Time:         240, CLK = 0, PC = 0x00000038
[$s0] = 0x00000037, [$s1] = 0x00000037, [$s2] = 0x00000000
[$s3] = 0x00000000, [$s4] = 0x00000000, [$s5] = 0x00000000
[$s6] = 0x00000000, [$s7] = 0x00000000, [$t0] = 0x00000020
[$t1] = 0x00000037, [$t2] = 0x00000000, [$t3] = 0x00000001
[$t4] = 0x00000000, [$t5] = 0x00000000, [$t6] = 0x00000000
[$t7] = 0x00000000, [$t8] = 0x00000000, [$t9] = 0x00000000
==========================================================
Time:         250, CLK = 1, PC = 0x00000000
[$s0] = 0x00000037, [$s1] = 0x00000037, [$s2] = 0x00000000
[$s3] = 0x00000000, [$s4] = 0x00000000, [$s5] = 0x00000000
[$s6] = 0x00000000, [$s7] = 0x00000000, [$t0] = 0x00000020
[$t1] = 0x00000037, [$t2] = 0x00000000, [$t3] = 0x00000001
[$t4] = 0x00000000, [$t5] = 0x00000000, [$t6] = 0x00000000
[$t7] = 0x00000000, [$t8] = 0x00000000, [$t9] = 0x00000000
==========================================================
Time:         260, CLK = 0, PC = 0x00000000
[$s0] = 0x00000037, [$s1] = 0x00000037, [$s2] = 0x00000000
[$s3] = 0x00000000, [$s4] = 0x00000000, [$s5] = 0x00000000
[$s6] = 0x00000000, [$s7] = 0x00000000, [$t0] = 0x00000020
[$t1] = 0x00000037, [$t2] = 0x00000000, [$t3] = 0x00000001
[$t4] = 0x00000000, [$t5] = 0x00000000, [$t6] = 0x00000000
[$t7] = 0x00000000, [$t8] = 0x00000000, [$t9] = 0x00000000
$stop called at time : 280 ns : File "D:/SJTU/2020-2021  FALL/p2_single/single/single.srcs/sim_1/new/test.v" Line 25
INFO: [USF-XSim-96] XSim completed. Design snapshot 'test_behav' loaded.
INFO: [USF-XSim-97] XSim simulation ran for 1000ns
launch_simulation: Time (s): cpu = 00:00:03 ; elapsed = 00:00:07 . Memory (MB): peak = 1025.734 ; gain = 0.000
close_sim
INFO: [Simtcl 6-16] Simulation closed
launch_simulation
Command: launch_simulation 
INFO: [Vivado 12-5682] Launching behavioral simulation in 'D:/SJTU/2020-2021  FALL/p2_single/single/single.sim/sim_1/behav/xsim'
INFO: [SIM-utils-51] Simulation object is 'sim_1'
INFO: [SIM-utils-54] Inspecting design source files for 'test' in fileset 'sim_1'...
INFO: [USF-XSim-97] Finding global include files...
INFO: [USF-XSim-98] Fetching design files from 'sim_1'...
INFO: [USF-XSim-2] XSim::Compile design
INFO: [USF-XSim-61] Executing 'COMPILE and ANALYZE' step in 'D:/SJTU/2020-2021  FALL/p2_single/single/single.sim/sim_1/behav/xsim'
"xvlog --incr --relax -prj test_vlog.prj"
INFO: [USF-XSim-69] 'compile' step finished in '2' seconds
INFO: [USF-XSim-3] XSim::Elaborate design
INFO: [USF-XSim-61] Executing 'ELABORATE' step in 'D:/SJTU/2020-2021  FALL/p2_single/single/single.sim/sim_1/behav/xsim'
"xelab -wto 8c56f28c6ea54e9db4468a558dc35cac --incr --debug typical --relax --mt 2 -L xil_defaultlib -L unisims_ver -L unimacro_ver -L secureip --snapshot test_behav xil_defaultlib.test xil_defaultlib.glbl -log elaborate.log"
Vivado Simulator 2020.1
Copyright 1986-1999, 2001-2020 Xilinx, Inc. All Rights Reserved.
Running: E:/Xilinx/Vivado/2020.1/bin/unwrapped/win64.o/xelab.exe -wto 8c56f28c6ea54e9db4468a558dc35cac --incr --debug typical --relax --mt 2 -L xil_defaultlib -L unisims_ver -L unimacro_ver -L secureip --snapshot test_behav xil_defaultlib.test xil_defaultlib.glbl -log elaborate.log 
Using 2 slave threads.
Starting static elaboration
Pass Through NonSizing Optimizer
Completed static elaboration
INFO: [XSIM 43-4323] No Change in HDL. Linking previously generated obj files to create kernel
INFO: [USF-XSim-69] 'elaborate' step finished in '2' seconds
INFO: [USF-XSim-4] XSim::Simulate design
INFO: [USF-XSim-61] Executing 'SIMULATE' step in 'D:/SJTU/2020-2021  FALL/p2_single/single/single.sim/sim_1/behav/xsim'
INFO: [USF-XSim-98] *** Running xsim
   with args "test_behav -key {Behavioral:sim_1:Functional:test} -tclbatch {test.tcl} -log {simulate.log}"
INFO: [USF-XSim-8] Loading simulator feature
Vivado Simulator 2020.1
Time resolution is 1 ps
source test.tcl
# set curr_wave [current_wave_config]
# if { [string length $curr_wave] == 0 } {
#   if { [llength [get_objects]] > 0} {
#     add_wave /
#     set_property needs_save false [current_wave_config]
#   } else {
#      send_msg_id Add_Wave-1 WARNING "No top level signals found. Simulator will start without a wave window. If you want to open a wave window go to 'File->New Waveform Configuration' or type 'create_wave_config' in the TCL console."
#   }
# }
# run 1000ns
==========================================================
Time:           0, CLK = 0, PC = 0x00000000
[$s0] = 0x00000000, [$s1] = 0x00000000, [$s2] = 0x00000000
[$s3] = 0x00000000, [$s4] = 0x00000000, [$s5] = 0x00000000
[$s6] = 0x00000000, [$s7] = 0x00000000, [$t0] = 0x00000000
[$t1] = 0x00000000, [$t2] = 0x00000000, [$t3] = 0x00000000
[$t4] = 0x00000000, [$t5] = 0x00000000, [$t6] = 0x00000000
[$t7] = 0x00000000, [$t8] = 0x00000000, [$t9] = 0x00000000
==========================================================
Time:          10, CLK = 1, PC = 0x00000004
[$s0] = 0x00000000, [$s1] = 0x00000000, [$s2] = 0x00000000
[$s3] = 0x00000000, [$s4] = 0x00000000, [$s5] = 0x00000000
[$s6] = 0x00000000, [$s7] = 0x00000000, [$t0] = 0x00000020
[$t1] = 0x00000000, [$t2] = 0x00000000, [$t3] = 0x00000000
[$t4] = 0x00000000, [$t5] = 0x00000000, [$t6] = 0x00000000
[$t7] = 0x00000000, [$t8] = 0x00000000, [$t9] = 0x00000000
==========================================================
Time:          20, CLK = 0, PC = 0x00000004
[$s0] = 0x00000000, [$s1] = 0x00000000, [$s2] = 0x00000000
[$s3] = 0x00000000, [$s4] = 0x00000000, [$s5] = 0x00000000
[$s6] = 0x00000000, [$s7] = 0x00000000, [$t0] = 0x00000020
[$t1] = 0x00000000, [$t2] = 0x00000000, [$t3] = 0x00000000
[$t4] = 0x00000000, [$t5] = 0x00000000, [$t6] = 0x00000000
[$t7] = 0x00000000, [$t8] = 0x00000000, [$t9] = 0x00000000
==========================================================
Time:          30, CLK = 1, PC = 0x00000008
[$s0] = 0x00000000, [$s1] = 0x00000000, [$s2] = 0x00000000
[$s3] = 0x00000000, [$s4] = 0x00000000, [$s5] = 0x00000000
[$s6] = 0x00000000, [$s7] = 0x00000000, [$t0] = 0x00000020
[$t1] = 0x00000037, [$t2] = 0x00000000, [$t3] = 0x00000000
[$t4] = 0x00000000, [$t5] = 0x00000000, [$t6] = 0x00000000
[$t7] = 0x00000000, [$t8] = 0x00000000, [$t9] = 0x00000000
==========================================================
Time:          40, CLK = 0, PC = 0x00000008
[$s0] = 0x00000000, [$s1] = 0x00000000, [$s2] = 0x00000000
[$s3] = 0x00000000, [$s4] = 0x00000000, [$s5] = 0x00000000
[$s6] = 0x00000000, [$s7] = 0x00000000, [$t0] = 0x00000020
[$t1] = 0x00000037, [$t2] = 0x00000000, [$t3] = 0x00000000
[$t4] = 0x00000000, [$t5] = 0x00000000, [$t6] = 0x00000000
[$t7] = 0x00000000, [$t8] = 0x00000000, [$t9] = 0x00000000
==========================================================
Time:          50, CLK = 1, PC = 0x0000000c
[$s0] = 0x00000020, [$s1] = 0x00000000, [$s2] = 0x00000000
[$s3] = 0x00000000, [$s4] = 0x00000000, [$s5] = 0x00000000
[$s6] = 0x00000000, [$s7] = 0x00000000, [$t0] = 0x00000020
[$t1] = 0x00000037, [$t2] = 0x00000000, [$t3] = 0x00000000
[$t4] = 0x00000000, [$t5] = 0x00000000, [$t6] = 0x00000000
[$t7] = 0x00000000, [$t8] = 0x00000000, [$t9] = 0x00000000
==========================================================
Time:          60, CLK = 0, PC = 0x0000000c
[$s0] = 0x00000020, [$s1] = 0x00000000, [$s2] = 0x00000000
[$s3] = 0x00000000, [$s4] = 0x00000000, [$s5] = 0x00000000
[$s6] = 0x00000000, [$s7] = 0x00000000, [$t0] = 0x00000020
[$t1] = 0x00000037, [$t2] = 0x00000000, [$t3] = 0x00000000
[$t4] = 0x00000000, [$t5] = 0x00000000, [$t6] = 0x00000000
[$t7] = 0x00000000, [$t8] = 0x00000000, [$t9] = 0x00000000
==========================================================
Time:          70, CLK = 1, PC = 0x00000010
[$s0] = 0x00000037, [$s1] = 0x00000000, [$s2] = 0x00000000
[$s3] = 0x00000000, [$s4] = 0x00000000, [$s5] = 0x00000000
[$s6] = 0x00000000, [$s7] = 0x00000000, [$t0] = 0x00000020
[$t1] = 0x00000037, [$t2] = 0x00000000, [$t3] = 0x00000000
[$t4] = 0x00000000, [$t5] = 0x00000000, [$t6] = 0x00000000
[$t7] = 0x00000000, [$t8] = 0x00000000, [$t9] = 0x00000000
==========================================================
Time:          80, CLK = 0, PC = 0x00000010
[$s0] = 0x00000037, [$s1] = 0x00000000, [$s2] = 0x00000000
[$s3] = 0x00000000, [$s4] = 0x00000000, [$s5] = 0x00000000
[$s6] = 0x00000000, [$s7] = 0x00000000, [$t0] = 0x00000020
[$t1] = 0x00000037, [$t2] = 0x00000000, [$t3] = 0x00000000
[$t4] = 0x00000000, [$t5] = 0x00000000, [$t6] = 0x00000000
[$t7] = 0x00000000, [$t8] = 0x00000000, [$t9] = 0x00000000
==========================================================
Time:          90, CLK = 1, PC = 0x00000014
[$s0] = 0x00000037, [$s1] = 0x00000000, [$s2] = 0x00000000
[$s3] = 0x00000000, [$s4] = 0x00000000, [$s5] = 0x00000000
[$s6] = 0x00000000, [$s7] = 0x00000000, [$t0] = 0x00000020
[$t1] = 0x00000037, [$t2] = 0x00000000, [$t3] = 0x00000000
[$t4] = 0x00000000, [$t5] = 0x00000000, [$t6] = 0x00000000
[$t7] = 0x00000000, [$t8] = 0x00000000, [$t9] = 0x00000000
==========================================================
Time:         100, CLK = 0, PC = 0x00000014
[$s0] = 0x00000037, [$s1] = 0x00000000, [$s2] = 0x00000000
[$s3] = 0x00000000, [$s4] = 0x00000000, [$s5] = 0x00000000
[$s6] = 0x00000000, [$s7] = 0x00000000, [$t0] = 0x00000020
[$t1] = 0x00000037, [$t2] = 0x00000000, [$t3] = 0x00000000
[$t4] = 0x00000000, [$t5] = 0x00000000, [$t6] = 0x00000000
[$t7] = 0x00000000, [$t8] = 0x00000000, [$t9] = 0x00000000
==========================================================
Time:         110, CLK = 1, PC = 0x00000018
[$s0] = 0x00000037, [$s1] = 0x00000037, [$s2] = 0x00000000
[$s3] = 0x00000000, [$s4] = 0x00000000, [$s5] = 0x00000000
[$s6] = 0x00000000, [$s7] = 0x00000000, [$t0] = 0x00000020
[$t1] = 0x00000037, [$t2] = 0x00000000, [$t3] = 0x00000000
[$t4] = 0x00000000, [$t5] = 0x00000000, [$t6] = 0x00000000
[$t7] = 0x00000000, [$t8] = 0x00000000, [$t9] = 0x00000000
==========================================================
Time:         120, CLK = 0, PC = 0x00000018
[$s0] = 0x00000037, [$s1] = 0x00000037, [$s2] = 0x00000000
[$s3] = 0x00000000, [$s4] = 0x00000000, [$s5] = 0x00000000
[$s6] = 0x00000000, [$s7] = 0x00000000, [$t0] = 0x00000020
[$t1] = 0x00000037, [$t2] = 0x00000000, [$t3] = 0x00000000
[$t4] = 0x00000000, [$t5] = 0x00000000, [$t6] = 0x00000000
[$t7] = 0x00000000, [$t8] = 0x00000000, [$t9] = 0x00000000
==========================================================
Time:         130, CLK = 1, PC = 0x0000001c
[$s0] = 0x00000037, [$s1] = 0x00000037, [$s2] = 0x00000000
[$s3] = 0x00000000, [$s4] = 0x00000000, [$s5] = 0x00000000
[$s6] = 0x00000000, [$s7] = 0x00000000, [$t0] = 0x00000020
[$t1] = 0x00000037, [$t2] = 0x00000000, [$t3] = 0x00000057
[$t4] = 0x00000000, [$t5] = 0x00000000, [$t6] = 0x00000000
[$t7] = 0x00000000, [$t8] = 0x00000000, [$t9] = 0x00000000
==========================================================
Time:         140, CLK = 0, PC = 0x0000001c
[$s0] = 0x00000037, [$s1] = 0x00000037, [$s2] = 0x00000000
[$s3] = 0x00000000, [$s4] = 0x00000000, [$s5] = 0x00000000
[$s6] = 0x00000000, [$s7] = 0x00000000, [$t0] = 0x00000020
[$t1] = 0x00000037, [$t2] = 0x00000000, [$t3] = 0x00000057
[$t4] = 0x00000000, [$t5] = 0x00000000, [$t6] = 0x00000000
[$t7] = 0x00000000, [$t8] = 0x00000000, [$t9] = 0x00000000
==========================================================
Time:         150, CLK = 1, PC = 0x00000020
[$s0] = 0x00000037, [$s1] = 0x00000037, [$s2] = 0x00000000
[$s3] = 0x00000000, [$s4] = 0x00000000, [$s5] = 0x00000000
[$s6] = 0x00000000, [$s7] = 0x00000000, [$t0] = 0x00000020
[$t1] = 0x00000037, [$t2] = 0x00000000, [$t3] = 0x00000017
[$t4] = 0x00000000, [$t5] = 0x00000000, [$t6] = 0x00000000
[$t7] = 0x00000000, [$t8] = 0x00000000, [$t9] = 0x00000000
==========================================================
Time:         160, CLK = 0, PC = 0x00000020
[$s0] = 0x00000037, [$s1] = 0x00000037, [$s2] = 0x00000000
[$s3] = 0x00000000, [$s4] = 0x00000000, [$s5] = 0x00000000
[$s6] = 0x00000000, [$s7] = 0x00000000, [$t0] = 0x00000020
[$t1] = 0x00000037, [$t2] = 0x00000000, [$t3] = 0x00000017
[$t4] = 0x00000000, [$t5] = 0x00000000, [$t6] = 0x00000000
[$t7] = 0x00000000, [$t8] = 0x00000000, [$t9] = 0x00000000
==========================================================
Time:         170, CLK = 1, PC = 0x00000024
[$s0] = 0x00000037, [$s1] = 0x00000037, [$s2] = 0x00000000
[$s3] = 0x00000000, [$s4] = 0x00000000, [$s5] = 0x00000000
[$s6] = 0x00000000, [$s7] = 0x00000000, [$t0] = 0x00000020
[$t1] = 0x00000037, [$t2] = 0x00000000, [$t3] = 0x00000020
[$t4] = 0x00000000, [$t5] = 0x00000000, [$t6] = 0x00000000
[$t7] = 0x00000000, [$t8] = 0x00000000, [$t9] = 0x00000000
==========================================================
Time:         180, CLK = 0, PC = 0x00000024
[$s0] = 0x00000037, [$s1] = 0x00000037, [$s2] = 0x00000000
[$s3] = 0x00000000, [$s4] = 0x00000000, [$s5] = 0x00000000
[$s6] = 0x00000000, [$s7] = 0x00000000, [$t0] = 0x00000020
[$t1] = 0x00000037, [$t2] = 0x00000000, [$t3] = 0x00000020
[$t4] = 0x00000000, [$t5] = 0x00000000, [$t6] = 0x00000000
[$t7] = 0x00000000, [$t8] = 0x00000000, [$t9] = 0x00000000
==========================================================
Time:         190, CLK = 1, PC = 0x00000028
[$s0] = 0x00000037, [$s1] = 0x00000037, [$s2] = 0x00000000
[$s3] = 0x00000000, [$s4] = 0x00000000, [$s5] = 0x00000000
[$s6] = 0x00000000, [$s7] = 0x00000000, [$t0] = 0x00000020
[$t1] = 0x00000037, [$t2] = 0x00000000, [$t3] = 0x00000001
[$t4] = 0x00000000, [$t5] = 0x00000000, [$t6] = 0x00000000
[$t7] = 0x00000000, [$t8] = 0x00000000, [$t9] = 0x00000000
==========================================================
Time:         200, CLK = 0, PC = 0x00000028
[$s0] = 0x00000037, [$s1] = 0x00000037, [$s2] = 0x00000000
[$s3] = 0x00000000, [$s4] = 0x00000000, [$s5] = 0x00000000
[$s6] = 0x00000000, [$s7] = 0x00000000, [$t0] = 0x00000020
[$t1] = 0x00000037, [$t2] = 0x00000000, [$t3] = 0x00000001
[$t4] = 0x00000000, [$t5] = 0x00000000, [$t6] = 0x00000000
[$t7] = 0x00000000, [$t8] = 0x00000000, [$t9] = 0x00000000
==========================================================
Time:         210, CLK = 1, PC = 0x00000030
[$s0] = 0x00000037, [$s1] = 0x00000037, [$s2] = 0x00000000
[$s3] = 0x00000000, [$s4] = 0x00000000, [$s5] = 0x00000000
[$s6] = 0x00000000, [$s7] = 0x00000000, [$t0] = 0x00000020
[$t1] = 0x00000037, [$t2] = 0x00000000, [$t3] = 0x00000001
[$t4] = 0x00000000, [$t5] = 0x00000000, [$t6] = 0x00000000
[$t7] = 0x00000000, [$t8] = 0x00000000, [$t9] = 0x00000000
==========================================================
Time:         220, CLK = 0, PC = 0x00000030
[$s0] = 0x00000037, [$s1] = 0x00000037, [$s2] = 0x00000000
[$s3] = 0x00000000, [$s4] = 0x00000000, [$s5] = 0x00000000
[$s6] = 0x00000000, [$s7] = 0x00000000, [$t0] = 0x00000020
[$t1] = 0x00000037, [$t2] = 0x00000000, [$t3] = 0x00000001
[$t4] = 0x00000000, [$t5] = 0x00000000, [$t6] = 0x00000000
[$t7] = 0x00000000, [$t8] = 0x00000000, [$t9] = 0x00000000
==========================================================
Time:         230, CLK = 1, PC = 0x00000038
[$s0] = 0x00000037, [$s1] = 0x00000037, [$s2] = 0x00000000
[$s3] = 0x00000000, [$s4] = 0x00000000, [$s5] = 0x00000000
[$s6] = 0x00000000, [$s7] = 0x00000000, [$t0] = 0x00000020
[$t1] = 0x00000037, [$t2] = 0x00000000, [$t3] = 0x00000001
[$t4] = 0x00000000, [$t5] = 0x00000000, [$t6] = 0x00000000
[$t7] = 0x00000000, [$t8] = 0x00000000, [$t9] = 0x00000000
==========================================================
Time:         240, CLK = 0, PC = 0x00000038
[$s0] = 0x00000037, [$s1] = 0x00000037, [$s2] = 0x00000000
[$s3] = 0x00000000, [$s4] = 0x00000000, [$s5] = 0x00000000
[$s6] = 0x00000000, [$s7] = 0x00000000, [$t0] = 0x00000020
[$t1] = 0x00000037, [$t2] = 0x00000000, [$t3] = 0x00000001
[$t4] = 0x00000000, [$t5] = 0x00000000, [$t6] = 0x00000000
[$t7] = 0x00000000, [$t8] = 0x00000000, [$t9] = 0x00000000
==========================================================
Time:         250, CLK = 1, PC = 0x00000000
[$s0] = 0x00000037, [$s1] = 0x00000037, [$s2] = 0x00000000
[$s3] = 0x00000000, [$s4] = 0x00000000, [$s5] = 0x00000000
[$s6] = 0x00000000, [$s7] = 0x00000000, [$t0] = 0x00000020
[$t1] = 0x00000037, [$t2] = 0x00000000, [$t3] = 0x00000001
[$t4] = 0x00000000, [$t5] = 0x00000000, [$t6] = 0x00000000
[$t7] = 0x00000000, [$t8] = 0x00000000, [$t9] = 0x00000000
==========================================================
Time:         260, CLK = 0, PC = 0x00000000
[$s0] = 0x00000037, [$s1] = 0x00000037, [$s2] = 0x00000000
[$s3] = 0x00000000, [$s4] = 0x00000000, [$s5] = 0x00000000
[$s6] = 0x00000000, [$s7] = 0x00000000, [$t0] = 0x00000020
[$t1] = 0x00000037, [$t2] = 0x00000000, [$t3] = 0x00000001
[$t4] = 0x00000000, [$t5] = 0x00000000, [$t6] = 0x00000000
[$t7] = 0x00000000, [$t8] = 0x00000000, [$t9] = 0x00000000
$stop called at time : 280 ns : File "D:/SJTU/2020-2021  FALL/p2_single/single/single.srcs/sim_1/new/test.v" Line 25
INFO: [USF-XSim-96] XSim completed. Design snapshot 'test_behav' loaded.
INFO: [USF-XSim-97] XSim simulation ran for 1000ns
launch_simulation: Time (s): cpu = 00:00:04 ; elapsed = 00:00:07 . Memory (MB): peak = 1025.734 ; gain = 0.000
close_sim
INFO: [Simtcl 6-16] Simulation closed
exit
INFO: [Common 17-206] Exiting Vivado at Wed Nov 11 23:55:39 2020...
