Vivado Simulator 2020.1
Time resolution is 1 ps
==================================================
read_write= 0; address=10'b0000000000; write_data=0xxxxxxxxx
read_data_to_cpu: 0x00000000
hit_miss: 0
==================================================
read_write= 1; address=10'b0000000000; write_data=0x000000ff
hit_miss: 1
==================================================
read_write= 0; address=10'b0000000000; write_data=0x000000ff
read_data_to_cpu: 0xffffffff
hit_miss: 1
==================================================
Main memory content = 0xff000001
==================================================
read_write= 0; address=10'b1000000000; write_data=0x000000ff
read_data_to_cpu: 0x00000000
hit_miss: 0
==================================================
read_write= 0; address=10'b0000000000; write_data=0x000000ff
read_data_to_cpu: 0xffffffff
hit_miss: 1
==================================================
read_write= 0; address=10'b1100000000; write_data=0x000000ff
read_data_to_cpu: 0x00000000
hit_miss: 0
==================================================
read_write= 0; address=10'b1000000000; write_data=0x000000ff
read_data_to_cpu: 0x00000000
hit_miss: 0
==================================================
Main memory content = 0xff000001
==================================================
